2011-06-12 09:48:53,062 [INFO ] org.springframework.context.support.ClassPathXmlApplicationContext  - Refreshing org.springframework.context.support.ClassPathXmlApplicationContext@1e0bc08: startup date [Sun Jun 12 09:48:53 CST 2011]; root of context hierarchy
2011-06-12 09:48:53,218 [INFO ] org.springframework.beans.factory.xml.XmlBeanDefinitionReader  - Loading XML bean definitions from class path resource [spring-config/spring-context-test.xml]
2011-06-12 09:48:53,218 [DEBUG] org.springframework.beans.factory.xml.DefaultDocumentLoader  - Using JAXP provider [org.apache.xerces.jaxp.DocumentBuilderFactoryImpl]
2011-06-12 09:48:53,468 [DEBUG] org.springframework.beans.factory.xml.PluggableSchemaResolver  - Loading schema mappings from [META-INF/spring.schemas]
2011-06-12 09:48:53,468 [DEBUG] org.springframework.beans.factory.xml.PluggableSchemaResolver  - Loaded schema mappings: {http://www.springframework.org/schema/oxm/spring-oxm-3.0.xsd=org/springframework/oxm/config/spring-oxm-3.0.xsd, http://www.springframework.org/schema/util/spring-util.xsd=org/springframework/beans/factory/xml/spring-util-3.0.xsd, http://www.springframework.org/schema/task/spring-task.xsd=org/springframework/scheduling/config/spring-task-3.0.xsd, http://www.springframework.org/schema/aop/spring-aop-3.0.xsd=org/springframework/aop/config/spring-aop-3.0.xsd, http://www.springframework.org/schema/aop/spring-aop-2.0.xsd=org/springframework/aop/config/spring-aop-2.0.xsd, http://www.springframework.org/schema/oxm/spring-oxm.xsd=org/springframework/oxm/config/spring-oxm-3.0.xsd, http://www.springframework.org/schema/tool/spring-tool-2.5.xsd=org/springframework/beans/factory/xml/spring-tool-2.5.xsd, http://www.springframework.org/schema/beans/spring-beans.xsd=org/springframework/beans/factory/xml/spring-beans-3.0.xsd, http://www.springframework.org/schema/jee/spring-jee-2.5.xsd=org/springframework/ejb/config/spring-jee-2.5.xsd, http://www.springframework.org/schema/aop/spring-aop.xsd=org/springframework/aop/config/spring-aop-3.0.xsd, http://www.springframework.org/schema/beans/spring-beans-2.0.xsd=org/springframework/beans/factory/xml/spring-beans-2.0.xsd, http://www.springframework.org/schema/mvc/spring-mvc-3.0.xsd=org/springframework/web/servlet/config/spring-mvc-3.0.xsd, http://www.springframework.org/schema/beans/spring-beans-3.0.xsd=org/springframework/beans/factory/xml/spring-beans-3.0.xsd, http://www.springframework.org/schema/task/spring-task-3.0.xsd=org/springframework/scheduling/config/spring-task-3.0.xsd, http://www.springframework.org/schema/tx/spring-tx-2.5.xsd=org/springframework/transaction/config/spring-tx-2.5.xsd, http://www.springframework.org/schema/context/spring-context-2.5.xsd=org/springframework/context/config/spring-context-2.5.xsd, http://www.springframework.org/schema/jdbc/spring-jdbc-3.0.xsd=org/springframework/jdbc/config/spring-jdbc-3.0.xsd, http://www.springframework.org/schema/tool/spring-tool-3.0.xsd=org/springframework/beans/factory/xml/spring-tool-3.0.xsd, http://www.springframework.org/schema/tx/spring-tx.xsd=org/springframework/transaction/config/spring-tx-3.0.xsd, http://www.springframework.org/schema/tool/spring-tool-2.0.xsd=org/springframework/beans/factory/xml/spring-tool-2.0.xsd, http://www.springframework.org/schema/util/spring-util-2.5.xsd=org/springframework/beans/factory/xml/spring-util-2.5.xsd, http://www.springframework.org/schema/lang/spring-lang.xsd=org/springframework/scripting/config/spring-lang-3.0.xsd, http://www.springframework.org/schema/lang/spring-lang-2.5.xsd=org/springframework/scripting/config/spring-lang-2.5.xsd, http://www.springframework.org/schema/jee/spring-jee-3.0.xsd=org/springframework/ejb/config/spring-jee-3.0.xsd, http://www.springframework.org/schema/jee/spring-jee-2.0.xsd=org/springframework/ejb/config/spring-jee-2.0.xsd, http://www.springframework.org/schema/context/spring-context.xsd=org/springframework/context/config/spring-context-3.0.xsd, http://www.springframework.org/schema/jee/spring-jee.xsd=org/springframework/ejb/config/spring-jee-3.0.xsd, http://xfire.codehaus.org/config/1.0=file:/C:/Users/Dan%20Diephouse/workspace/xfire/target/checkout/xfire-spring/target/test-generated/services.xsd, http://www.springframework.org/schema/aop/spring-aop-2.5.xsd=org/springframework/aop/config/spring-aop-2.5.xsd, http://www.springframework.org/schema/mvc/spring-mvc.xsd=org/springframework/web/servlet/config/spring-mvc-3.0.xsd, http://www.springframework.org/schema/jdbc/spring-jdbc.xsd=org/springframework/jdbc/config/spring-jdbc-3.0.xsd, http://www.springframework.org/schema/tx/spring-tx-2.0.xsd=org/springframework/transaction/config/spring-tx-2.0.xsd, http://www.springframework.org/schema/tx/spring-tx-3.0.xsd=org/springframework/transaction/config/spring-tx-3.0.xsd, http://www.springframework.org/schema/context/spring-context-3.0.xsd=org/springframework/context/config/spring-context-3.0.xsd, http://www.springframework.org/schema/tool/spring-tool.xsd=org/springframework/beans/factory/xml/spring-tool-3.0.xsd, http://www.springframework.org/schema/util/spring-util-3.0.xsd=org/springframework/beans/factory/xml/spring-util-3.0.xsd, http://www.springframework.org/schema/lang/spring-lang-3.0.xsd=org/springframework/scripting/config/spring-lang-3.0.xsd, http://www.springframework.org/schema/util/spring-util-2.0.xsd=org/springframework/beans/factory/xml/spring-util-2.0.xsd, http://www.springframework.org/schema/lang/spring-lang-2.0.xsd=org/springframework/scripting/config/spring-lang-2.0.xsd, http://www.springframework.org/schema/beans/spring-beans-2.5.xsd=org/springframework/beans/factory/xml/spring-beans-2.5.xsd}
2011-06-12 09:48:53,484 [DEBUG] org.springframework.beans.factory.xml.PluggableSchemaResolver  - Found XML schema [http://www.springframework.org/schema/beans/spring-beans-3.0.xsd] in classpath: org/springframework/beans/factory/xml/spring-beans-3.0.xsd
2011-06-12 09:48:53,593 [DEBUG] org.springframework.beans.factory.xml.PluggableSchemaResolver  - Found XML schema [http://www.springframework.org/schema/context/spring-context-3.0.xsd] in classpath: org/springframework/context/config/spring-context-3.0.xsd
2011-06-12 09:48:53,609 [DEBUG] org.springframework.beans.factory.xml.PluggableSchemaResolver  - Found XML schema [http://www.springframework.org/schema/tool/spring-tool-3.0.xsd] in classpath: org/springframework/beans/factory/xml/spring-tool-3.0.xsd
2011-06-12 09:48:53,625 [DEBUG] org.springframework.beans.factory.xml.DefaultBeanDefinitionDocumentReader  - Loading bean definitions
2011-06-12 09:48:53,640 [DEBUG] org.springframework.beans.factory.xml.DefaultNamespaceHandlerResolver  - Loaded NamespaceHandler mappings: {http://www.springframework.org/schema/p=org.springframework.beans.factory.xml.SimplePropertyNamespaceHandler, http://www.springframework.org/schema/mvc=org.springframework.web.servlet.config.MvcNamespaceHandler, http://www.springframework.org/schema/util=org.springframework.beans.factory.xml.UtilNamespaceHandler, http://xfire.codehaus.org/config/1.0=org.apache.xbean.spring.context.v2.XBeanNamespaceHandler, http://www.springframework.org/schema/jee=org.springframework.ejb.config.JeeNamespaceHandler, http://www.springframework.org/schema/aop=org.springframework.aop.config.AopNamespaceHandler, http://www.springframework.org/schema/oxm=org.springframework.oxm.config.OxmNamespaceHandler, http://www.springframework.org/schema/jdbc=org.springframework.jdbc.config.JdbcNamespaceHandler, http://www.springframework.org/schema/tx=org.springframework.transaction.config.TxNamespaceHandler, http://www.springframework.org/schema/task=org.springframework.scheduling.config.TaskNamespaceHandler, http://www.springframework.org/schema/lang=org.springframework.scripting.config.LangNamespaceHandler, http://www.springframework.org/schema/context=org.springframework.context.config.ContextNamespaceHandler}
2011-06-12 09:48:53,734 [DEBUG] org.springframework.core.io.support.PathMatchingResourcePatternResolver  - Looking for matching resources in directory tree [E:\workspace8.5\com.soar.ax\ax-web\src\main\webapp\WEB-INF\classes\com\soar\ax\client]
2011-06-12 09:48:53,734 [DEBUG] org.springframework.core.io.support.PathMatchingResourcePatternResolver  - Searching directory [E:\workspace8.5\com.soar.ax\ax-web\src\main\webapp\WEB-INF\classes\com\soar\ax\client] for files matching pattern [E:/workspace8.5/com.soar.ax/ax-web/src/main/webapp/WEB-INF/classes/com/soar/ax/client/**/*.class]
2011-06-12 09:48:53,734 [DEBUG] org.springframework.core.io.support.PathMatchingResourcePatternResolver  - Resolved location pattern [classpath*:com/soar/ax/client/**/*.class] to resources [file [E:\workspace8.5\com.soar.ax\ax-web\src\main\webapp\WEB-INF\classes\com\soar\ax\client\ArticleClient.class], file [E:\workspace8.5\com.soar.ax\ax-web\src\main\webapp\WEB-INF\classes\com\soar\ax\client\RestTemplateExample.class]]
2011-06-12 09:48:53,765 [DEBUG] org.springframework.context.annotation.ClassPathBeanDefinitionScanner  - Identified candidate component class: file [E:\workspace8.5\com.soar.ax\ax-web\src\main\webapp\WEB-INF\classes\com\soar\ax\client\ArticleClient.class]
2011-06-12 09:48:53,781 [DEBUG] org.springframework.beans.factory.xml.BeanDefinitionParserDelegate  - Neither XML 'id' nor 'name' specified - using generated bean name [org.springframework.oxm.xstream.XStreamMarshaller#1ebd75b]
2011-06-12 09:48:53,781 [DEBUG] org.springframework.beans.factory.xml.BeanDefinitionParserDelegate  - Neither XML 'id' nor 'name' specified - using generated bean name [org.springframework.http.converter.xml.MarshallingHttpMessageConverter#ec4a87]
2011-06-12 09:48:53,781 [DEBUG] org.springframework.beans.factory.xml.XmlBeanDefinitionReader  - Loaded 7 bean definitions from location pattern [spring-config/spring-context-test.xml]
2011-06-12 09:48:53,781 [INFO ] org.springframework.beans.factory.xml.XmlBeanDefinitionReader  - Loading XML bean definitions from class path resource [spring-config/spring-context.xml]
2011-06-12 09:48:53,781 [DEBUG] org.springframework.beans.factory.xml.DefaultDocumentLoader  - Using JAXP provider [org.apache.xerces.jaxp.DocumentBuilderFactoryImpl]
2011-06-12 09:48:53,781 [DEBUG] org.springframework.beans.factory.xml.PluggableSchemaResolver  - Found XML schema [http://www.springframework.org/schema/beans/spring-beans-3.0.xsd] in classpath: org/springframework/beans/factory/xml/spring-beans-3.0.xsd
2011-06-12 09:48:53,828 [DEBUG] org.springframework.beans.factory.xml.PluggableSchemaResolver  - Found XML schema [http://www.springframework.org/schema/context/spring-context-3.0.xsd] in classpath: org/springframework/context/config/spring-context-3.0.xsd
2011-06-12 09:48:53,828 [DEBUG] org.springframework.beans.factory.xml.PluggableSchemaResolver  - Found XML schema [http://www.springframework.org/schema/tool/spring-tool-3.0.xsd] in classpath: org/springframework/beans/factory/xml/spring-tool-3.0.xsd
2011-06-12 09:48:53,843 [DEBUG] org.springframework.beans.factory.xml.DefaultBeanDefinitionDocumentReader  - Loading bean definitions
2011-06-12 09:48:53,859 [DEBUG] org.springframework.core.io.support.PathMatchingResourcePatternResolver  - Looking for matching resources in directory tree [E:\workspace8.5\com.soar.ax\ax-web\src\main\webapp\WEB-INF\classes\com\soar\ax\service]
2011-06-12 09:48:53,859 [DEBUG] org.springframework.core.io.support.PathMatchingResourcePatternResolver  - Searching directory [E:\workspace8.5\com.soar.ax\ax-web\src\main\webapp\WEB-INF\classes\com\soar\ax\service] for files matching pattern [E:/workspace8.5/com.soar.ax/ax-web/src/main/webapp/WEB-INF/classes/com/soar/ax/service/**/*.class]
2011-06-12 09:48:53,859 [DEBUG] org.springframework.core.io.support.PathMatchingResourcePatternResolver  - Searching directory [E:\workspace8.5\com.soar.ax\ax-web\src\main\webapp\WEB-INF\classes\com\soar\ax\service\manage] for files matching pattern [E:/workspace8.5/com.soar.ax/ax-web/src/main/webapp/WEB-INF/classes/com/soar/ax/service/**/*.class]
2011-06-12 09:48:53,859 [DEBUG] org.springframework.core.io.support.PathMatchingResourcePatternResolver  - Resolved location pattern [classpath*:com/soar/ax/service/**/*.class] to resources [file [E:\workspace8.5\com.soar.ax\ax-web\src\main\webapp\WEB-INF\classes\com\soar\ax\service\ArticleService.class], file [E:\workspace8.5\com.soar.ax\ax-web\src\main\webapp\WEB-INF\classes\com\soar\ax\service\BaseService.class], file [E:\workspace8.5\com.soar.ax\ax-web\src\main\webapp\WEB-INF\classes\com\soar\ax\service\manage\UsersService.class], file [E:\workspace8.5\com.soar.ax\ax-web\src\main\webapp\WEB-INF\classes\com\soar\ax\service\OrderServiceTest.class], file [E:\workspace8.5\com.soar.ax\ax-web\src\main\webapp\WEB-INF\classes\com\soar\ax\service\OrdersService.class]]
2011-06-12 09:48:53,875 [DEBUG] org.springframework.context.annotation.ClassPathBeanDefinitionScanner  - Identified candidate component class: file [E:\workspace8.5\com.soar.ax\ax-web\src\main\webapp\WEB-INF\classes\com\soar\ax\service\ArticleService.class]
2011-06-12 09:48:53,875 [DEBUG] org.springframework.context.annotation.ClassPathBeanDefinitionScanner  - Identified candidate component class: file [E:\workspace8.5\com.soar.ax\ax-web\src\main\webapp\WEB-INF\classes\com\soar\ax\service\BaseService.class]
2011-06-12 09:48:53,875 [DEBUG] org.springframework.context.annotation.ClassPathBeanDefinitionScanner  - Identified candidate component class: file [E:\workspace8.5\com.soar.ax\ax-web\src\main\webapp\WEB-INF\classes\com\soar\ax\service\manage\UsersService.class]
2011-06-12 09:48:53,890 [DEBUG] org.springframework.context.annotation.ClassPathBeanDefinitionScanner  - Identified candidate component class: file [E:\workspace8.5\com.soar.ax\ax-web\src\main\webapp\WEB-INF\classes\com\soar\ax\service\OrdersService.class]
2011-06-12 09:48:53,890 [DEBUG] org.springframework.core.io.support.PathMatchingResourcePatternResolver  - Looking for matching resources in directory tree [E:\workspace8.5\com.soar.ax\ax-web\src\main\webapp\WEB-INF\classes\com\soar\ax\service]
2011-06-12 09:48:53,890 [DEBUG] org.springframework.core.io.support.PathMatchingResourcePatternResolver  - Searching directory [E:\workspace8.5\com.soar.ax\ax-web\src\main\webapp\WEB-INF\classes\com\soar\ax\service] for files matching pattern [E:/workspace8.5/com.soar.ax/ax-web/src/main/webapp/WEB-INF/classes/com/soar/ax/service/**/*.class]
2011-06-12 09:48:53,906 [DEBUG] org.springframework.core.io.support.PathMatchingResourcePatternResolver  - Searching directory [E:\workspace8.5\com.soar.ax\ax-web\src\main\webapp\WEB-INF\classes\com\soar\ax\service\manage] for files matching pattern [E:/workspace8.5/com.soar.ax/ax-web/src/main/webapp/WEB-INF/classes/com/soar/ax/service/**/*.class]
2011-06-12 09:48:53,906 [DEBUG] org.springframework.core.io.support.PathMatchingResourcePatternResolver  - Resolved location pattern [classpath*:com/soar/ax/service/**/*.class] to resources [file [E:\workspace8.5\com.soar.ax\ax-web\src\main\webapp\WEB-INF\classes\com\soar\ax\service\ArticleService.class], file [E:\workspace8.5\com.soar.ax\ax-web\src\main\webapp\WEB-INF\classes\com\soar\ax\service\BaseService.class], file [E:\workspace8.5\com.soar.ax\ax-web\src\main\webapp\WEB-INF\classes\com\soar\ax\service\manage\UsersService.class], file [E:\workspace8.5\com.soar.ax\ax-web\src\main\webapp\WEB-INF\classes\com\soar\ax\service\OrderServiceTest.class], file [E:\workspace8.5\com.soar.ax\ax-web\src\main\webapp\WEB-INF\classes\com\soar\ax\service\OrdersService.class]]
2011-06-12 09:48:53,906 [DEBUG] org.springframework.context.annotation.ClassPathBeanDefinitionScanner  - Identified candidate component class: file [E:\workspace8.5\com.soar.ax\ax-web\src\main\webapp\WEB-INF\classes\com\soar\ax\service\ArticleService.class]
2011-06-12 09:48:53,906 [DEBUG] org.springframework.context.annotation.ClassPathBeanDefinitionScanner  - Identified candidate component class: file [E:\workspace8.5\com.soar.ax\ax-web\src\main\webapp\WEB-INF\classes\com\soar\ax\service\BaseService.class]
2011-06-12 09:48:53,906 [DEBUG] org.springframework.context.annotation.ClassPathBeanDefinitionScanner  - Identified candidate component class: file [E:\workspace8.5\com.soar.ax\ax-web\src\main\webapp\WEB-INF\classes\com\soar\ax\service\manage\UsersService.class]
2011-06-12 09:48:53,937 [DEBUG] org.springframework.context.annotation.ClassPathBeanDefinitionScanner  - Identified candidate component class: file [E:\workspace8.5\com.soar.ax\ax-web\src\main\webapp\WEB-INF\classes\com\soar\ax\service\OrdersService.class]
2011-06-12 09:48:53,937 [DEBUG] org.springframework.beans.factory.xml.XmlBeanDefinitionReader  - Loaded 10 bean definitions from location pattern [spring-config/spring-context.xml]
2011-06-12 09:48:53,937 [DEBUG] org.springframework.context.support.ClassPathXmlApplicationContext  - Bean factory for org.springframework.context.support.ClassPathXmlApplicationContext@1e0bc08: org.springframework.beans.factory.support.DefaultListableBeanFactory@4a6cbf: defining beans [org.springframework.context.annotation.internalConfigurationAnnotationProcessor,org.springframework.context.annotation.internalAutowiredAnnotationProcessor,org.springframework.context.annotation.internalRequiredAnnotationProcessor,org.springframework.context.annotation.internalCommonAnnotationProcessor,org.springframework.context.annotation.internalPersistenceAnnotationProcessor,articleClient,restTemplate,articleService,baseService,usersService,ordersService,propertyConfigurer,dataSource,sessionFactory,sqlSessionFactory,hibernateGeneralDao,myBatisGeneralDao]; root of factory hierarchy
2011-06-12 09:48:54,000 [DEBUG] org.springframework.beans.factory.support.DefaultListableBeanFactory  - Creating shared instance of singleton bean 'org.springframework.context.annotation.internalConfigurationAnnotationProcessor'
2011-06-12 09:48:54,000 [DEBUG] org.springframework.beans.factory.support.DefaultListableBeanFactory  - Creating instance of bean 'org.springframework.context.annotation.internalConfigurationAnnotationProcessor'
2011-06-12 09:48:54,031 [DEBUG] org.springframework.beans.factory.support.DefaultListableBeanFactory  - Eagerly caching bean 'org.springframework.context.annotation.internalConfigurationAnnotationProcessor' to allow for resolving potential circular references
2011-06-12 09:48:54,031 [DEBUG] org.springframework.beans.factory.support.DefaultListableBeanFactory  - Finished creating instance of bean 'org.springframework.context.annotation.internalConfigurationAnnotationProcessor'
2011-06-12 09:48:54,078 [DEBUG] org.springframework.beans.factory.support.DefaultListableBeanFactory  - Creating shared instance of singleton bean 'propertyConfigurer'
2011-06-12 09:48:54,078 [DEBUG] org.springframework.beans.factory.support.DefaultListableBeanFactory  - Creating instance of bean 'propertyConfigurer'
2011-06-12 09:48:54,093 [DEBUG] org.springframework.beans.factory.support.DefaultListableBeanFactory  - Eagerly caching bean 'propertyConfigurer' to allow for resolving potential circular references
2011-06-12 09:48:54,171 [DEBUG] org.springframework.beans.factory.support.DefaultListableBeanFactory  - Finished creating instance of bean 'propertyConfigurer'
2011-06-12 09:48:54,171 [INFO ] org.springframework.beans.factory.config.PropertyPlaceholderConfigurer  - Loading properties file from class path resource [database-config.properties]
2011-06-12 09:48:54,203 [DEBUG] org.springframework.beans.factory.support.DefaultListableBeanFactory  - Creating shared instance of singleton bean 'org.springframework.context.annotation.internalAutowiredAnnotationProcessor'
2011-06-12 09:48:54,203 [DEBUG] org.springframework.beans.factory.support.DefaultListableBeanFactory  - Creating instance of bean 'org.springframework.context.annotation.internalAutowiredAnnotationProcessor'
2011-06-12 09:48:54,203 [DEBUG] org.springframework.beans.factory.support.DefaultListableBeanFactory  - Eagerly caching bean 'org.springframework.context.annotation.internalAutowiredAnnotationProcessor' to allow for resolving potential circular references
2011-06-12 09:48:54,203 [DEBUG] org.springframework.beans.factory.support.DefaultListableBeanFactory  - Finished creating instance of bean 'org.springframework.context.annotation.internalAutowiredAnnotationProcessor'
2011-06-12 09:48:54,203 [DEBUG] org.springframework.beans.factory.support.DefaultListableBeanFactory  - Creating shared instance of singleton bean 'org.springframework.context.annotation.internalRequiredAnnotationProcessor'
2011-06-12 09:48:54,203 [DEBUG] org.springframework.beans.factory.support.DefaultListableBeanFactory  - Creating instance of bean 'org.springframework.context.annotation.internalRequiredAnnotationProcessor'
2011-06-12 09:48:54,203 [DEBUG] org.springframework.beans.factory.support.DefaultListableBeanFactory  - Eagerly caching bean 'org.springframework.context.annotation.internalRequiredAnnotationProcessor' to allow for resolving potential circular references
2011-06-12 09:48:54,203 [DEBUG] org.springframework.beans.factory.support.DefaultListableBeanFactory  - Finished creating instance of bean 'org.springframework.context.annotation.internalRequiredAnnotationProcessor'
2011-06-12 09:48:54,203 [DEBUG] org.springframework.beans.factory.support.DefaultListableBeanFactory  - Creating shared instance of singleton bean 'org.springframework.context.annotation.internalCommonAnnotationProcessor'
2011-06-12 09:48:54,203 [DEBUG] org.springframework.beans.factory.support.DefaultListableBeanFactory  - Creating instance of bean 'org.springframework.context.annotation.internalCommonAnnotationProcessor'
2011-06-12 09:48:54,203 [DEBUG] org.springframework.beans.factory.support.DefaultListableBeanFactory  - Eagerly caching bean 'org.springframework.context.annotation.internalCommonAnnotationProcessor' to allow for resolving potential circular references
2011-06-12 09:48:54,203 [DEBUG] org.springframework.beans.factory.support.DefaultListableBeanFactory  - Finished creating instance of bean 'org.springframework.context.annotation.internalCommonAnnotationProcessor'
2011-06-12 09:48:54,203 [DEBUG] org.springframework.beans.factory.support.DefaultListableBeanFactory  - Creating shared instance of singleton bean 'org.springframework.context.annotation.internalPersistenceAnnotationProcessor'
2011-06-12 09:48:54,203 [DEBUG] org.springframework.beans.factory.support.DefaultListableBeanFactory  - Creating instance of bean 'org.springframework.context.annotation.internalPersistenceAnnotationProcessor'
2011-06-12 09:48:54,203 [DEBUG] org.springframework.beans.factory.support.DefaultListableBeanFactory  - Eagerly caching bean 'org.springframework.context.annotation.internalPersistenceAnnotationProcessor' to allow for resolving potential circular references
2011-06-12 09:48:54,203 [DEBUG] org.springframework.beans.factory.support.DefaultListableBeanFactory  - Finished creating instance of bean 'org.springframework.context.annotation.internalPersistenceAnnotationProcessor'
2011-06-12 09:48:54,218 [DEBUG] org.springframework.context.support.ClassPathXmlApplicationContext  - Unable to locate MessageSource with name 'messageSource': using default [org.springframework.context.support.DelegatingMessageSource@14e3f41]
2011-06-12 09:48:54,218 [DEBUG] org.springframework.context.support.ClassPathXmlApplicationContext  - Unable to locate ApplicationEventMulticaster with name 'applicationEventMulticaster': using default [org.springframework.context.event.SimpleApplicationEventMulticaster@4ecfdd]
2011-06-12 09:48:54,218 [INFO ] org.springframework.beans.factory.support.DefaultListableBeanFactory  - Pre-instantiating singletons in org.springframework.beans.factory.support.DefaultListableBeanFactory@4a6cbf: defining beans [org.springframework.context.annotation.internalConfigurationAnnotationProcessor,org.springframework.context.annotation.internalAutowiredAnnotationProcessor,org.springframework.context.annotation.internalRequiredAnnotationProcessor,org.springframework.context.annotation.internalCommonAnnotationProcessor,org.springframework.context.annotation.internalPersistenceAnnotationProcessor,articleClient,restTemplate,articleService,baseService,usersService,ordersService,propertyConfigurer,dataSource,sessionFactory,sqlSessionFactory,hibernateGeneralDao,myBatisGeneralDao]; root of factory hierarchy
2011-06-12 09:48:54,218 [DEBUG] org.springframework.beans.factory.support.DefaultListableBeanFactory  - Returning cached instance of singleton bean 'org.springframework.context.annotation.internalConfigurationAnnotationProcessor'
2011-06-12 09:48:54,218 [DEBUG] org.springframework.beans.factory.support.DefaultListableBeanFactory  - Returning cached instance of singleton bean 'org.springframework.context.annotation.internalAutowiredAnnotationProcessor'
2011-06-12 09:48:54,218 [DEBUG] org.springframework.beans.factory.support.DefaultListableBeanFactory  - Returning cached instance of singleton bean 'org.springframework.context.annotation.internalRequiredAnnotationProcessor'
2011-06-12 09:48:54,218 [DEBUG] org.springframework.beans.factory.support.DefaultListableBeanFactory  - Returning cached instance of singleton bean 'org.springframework.context.annotation.internalCommonAnnotationProcessor'
2011-06-12 09:48:54,218 [DEBUG] org.springframework.beans.factory.support.DefaultListableBeanFactory  - Returning cached instance of singleton bean 'org.springframework.context.annotation.internalPersistenceAnnotationProcessor'
2011-06-12 09:48:54,218 [DEBUG] org.springframework.beans.factory.support.DefaultListableBeanFactory  - Creating shared instance of singleton bean 'articleClient'
2011-06-12 09:48:54,218 [DEBUG] org.springframework.beans.factory.support.DefaultListableBeanFactory  - Creating instance of bean 'articleClient'
2011-06-12 09:48:54,234 [DEBUG] org.springframework.beans.factory.annotation.InjectionMetadata  - Found injected element on class [com.soar.ax.client.ArticleClient]: AutowiredFieldElement for protected org.springframework.web.client.RestTemplate com.soar.ax.client.ArticleClient.restTemplate
2011-06-12 09:48:54,234 [DEBUG] org.springframework.beans.factory.support.DefaultListableBeanFactory  - Eagerly caching bean 'articleClient' to allow for resolving potential circular references
2011-06-12 09:48:54,234 [DEBUG] org.springframework.beans.factory.annotation.InjectionMetadata  - Processing injected method of bean 'articleClient': AutowiredFieldElement for protected org.springframework.web.client.RestTemplate com.soar.ax.client.ArticleClient.restTemplate
2011-06-12 09:48:54,265 [DEBUG] org.apache.ibatis.logging.LogFactory  - Logging initialized using 'org.apache.ibatis.logging.slf4j.Slf4jImpl' adapter.
2011-06-12 09:48:54,281 [DEBUG] org.springframework.beans.factory.support.DefaultListableBeanFactory  - Creating shared instance of singleton bean 'restTemplate'
2011-06-12 09:48:54,281 [DEBUG] org.springframework.beans.factory.support.DefaultListableBeanFactory  - Creating instance of bean 'restTemplate'
2011-06-12 09:48:54,390 [DEBUG] org.springframework.beans.factory.support.DefaultListableBeanFactory  - Eagerly caching bean 'restTemplate' to allow for resolving potential circular references
2011-06-12 09:48:54,390 [DEBUG] org.springframework.beans.factory.support.DefaultListableBeanFactory  - Creating instance of bean 'org.springframework.http.converter.xml.MarshallingHttpMessageConverter#ec4a87'
2011-06-12 09:48:54,406 [DEBUG] org.springframework.beans.factory.support.DefaultListableBeanFactory  - Creating instance of bean 'org.springframework.oxm.xstream.XStreamMarshaller#1ebd75b'
2011-06-12 09:48:54,625 [DEBUG] org.springframework.beans.factory.support.DefaultListableBeanFactory  - Invoking afterPropertiesSet() on bean with name 'org.springframework.oxm.xstream.XStreamMarshaller#1ebd75b'
2011-06-12 09:48:54,625 [DEBUG] org.springframework.beans.factory.support.DefaultListableBeanFactory  - Finished creating instance of bean 'org.springframework.oxm.xstream.XStreamMarshaller#1ebd75b'
2011-06-12 09:48:54,640 [DEBUG] org.springframework.beans.factory.support.DefaultListableBeanFactory  - Finished creating instance of bean 'org.springframework.http.converter.xml.MarshallingHttpMessageConverter#ec4a87'
2011-06-12 09:48:54,656 [DEBUG] org.springframework.beans.factory.support.DefaultListableBeanFactory  - Finished creating instance of bean 'restTemplate'
2011-06-12 09:48:54,656 [DEBUG] org.springframework.beans.factory.annotation.AutowiredAnnotationBeanPostProcessor  - Autowiring by type from bean name 'articleClient' to bean named 'restTemplate'
2011-06-12 09:48:54,656 [DEBUG] org.springframework.beans.factory.support.DefaultListableBeanFactory  - Finished creating instance of bean 'articleClient'
2011-06-12 09:48:54,656 [DEBUG] org.springframework.beans.factory.support.DefaultListableBeanFactory  - Returning cached instance of singleton bean 'restTemplate'
2011-06-12 09:48:54,656 [DEBUG] org.springframework.beans.factory.support.DefaultListableBeanFactory  - Creating shared instance of singleton bean 'articleService'
2011-06-12 09:48:54,656 [DEBUG] org.springframework.beans.factory.support.DefaultListableBeanFactory  - Creating instance of bean 'articleService'
2011-06-12 09:48:54,656 [DEBUG] org.springframework.beans.factory.support.DefaultListableBeanFactory  - Eagerly caching bean 'articleService' to allow for resolving potential circular references
2011-06-12 09:48:54,656 [DEBUG] org.springframework.beans.factory.support.DefaultListableBeanFactory  - Finished creating instance of bean 'articleService'
2011-06-12 09:48:54,656 [DEBUG] org.springframework.beans.factory.support.DefaultListableBeanFactory  - Creating shared instance of singleton bean 'baseService'
2011-06-12 09:48:54,656 [DEBUG] org.springframework.beans.factory.support.DefaultListableBeanFactory  - Creating instance of bean 'baseService'
2011-06-12 09:48:54,656 [DEBUG] org.springframework.beans.factory.annotation.InjectionMetadata  - Found injected element on class [com.soar.ax.service.BaseService]: AutowiredFieldElement for protected com.soar.ax.dao.HibernateGeneralDao com.soar.ax.service.BaseService.hibernateGeneralDao
2011-06-12 09:48:54,656 [DEBUG] org.springframework.beans.factory.annotation.InjectionMetadata  - Found injected element on class [com.soar.ax.service.BaseService]: AutowiredFieldElement for protected com.soar.ax.dao.MyBatisGeneralDao com.soar.ax.service.BaseService.myBatisGeneralDao
2011-06-12 09:48:54,656 [DEBUG] org.springframework.beans.factory.support.DefaultListableBeanFactory  - Eagerly caching bean 'baseService' to allow for resolving potential circular references
2011-06-12 09:48:54,656 [DEBUG] org.springframework.beans.factory.support.DefaultListableBeanFactory  - Creating shared instance of singleton bean 'hibernateGeneralDao'
2011-06-12 09:48:54,656 [DEBUG] org.springframework.beans.factory.support.DefaultListableBeanFactory  - Creating instance of bean 'hibernateGeneralDao'
2011-06-12 09:48:54,671 [DEBUG] org.springframework.beans.factory.support.DefaultListableBeanFactory  - Eagerly caching bean 'hibernateGeneralDao' to allow for resolving potential circular references
2011-06-12 09:48:54,671 [DEBUG] org.springframework.beans.factory.support.DefaultListableBeanFactory  - Creating shared instance of singleton bean 'sessionFactory'
2011-06-12 09:48:54,671 [DEBUG] org.springframework.beans.factory.support.DefaultListableBeanFactory  - Creating instance of bean 'sessionFactory'
2011-06-12 09:48:54,687 [DEBUG] org.springframework.beans.factory.support.DefaultListableBeanFactory  - Eagerly caching bean 'sessionFactory' to allow for resolving potential circular references
2011-06-12 09:48:54,703 [DEBUG] org.springframework.beans.factory.support.DefaultListableBeanFactory  - Creating shared instance of singleton bean 'dataSource'
2011-06-12 09:48:54,703 [DEBUG] org.springframework.beans.factory.support.DefaultListableBeanFactory  - Creating instance of bean 'dataSource'
2011-06-12 09:48:54,734 [DEBUG] org.springframework.beans.factory.support.DefaultListableBeanFactory  - Eagerly caching bean 'dataSource' to allow for resolving potential circular references
2011-06-12 09:48:54,750 [DEBUG] org.springframework.beans.factory.support.DefaultListableBeanFactory  - Finished creating instance of bean 'dataSource'
2011-06-12 09:48:54,750 [DEBUG] org.springframework.beans.factory.support.DefaultListableBeanFactory  - Invoking afterPropertiesSet() on bean with name 'sessionFactory'
2011-06-12 09:48:54,765 [INFO ] org.hibernate.cfg.annotations.Version  - Hibernate Annotations 3.5.1-Final
2011-06-12 09:48:54,781 [INFO ] org.hibernate.cfg.Environment  - Hibernate 3.5.1-Final
2011-06-12 09:48:54,781 [INFO ] org.hibernate.cfg.Environment  - hibernate.properties not found
2011-06-12 09:48:54,781 [INFO ] org.hibernate.cfg.Environment  - Bytecode provider name : javassist
2011-06-12 09:48:54,796 [INFO ] org.hibernate.cfg.Environment  - using JDK 1.4 java.sql.Timestamp handling
2011-06-12 09:48:54,921 [DEBUG] org.hibernate.id.factory.DefaultIdentifierGeneratorFactory  - Registering IdentifierGenerator strategy [uuid] -> [class org.hibernate.id.UUIDHexGenerator]
2011-06-12 09:48:54,937 [DEBUG] org.hibernate.id.factory.DefaultIdentifierGeneratorFactory  - Registering IdentifierGenerator strategy [hilo] -> [class org.hibernate.id.TableHiLoGenerator]
2011-06-12 09:48:54,937 [DEBUG] org.hibernate.id.factory.DefaultIdentifierGeneratorFactory  - Registering IdentifierGenerator strategy [assigned] -> [class org.hibernate.id.Assigned]
2011-06-12 09:48:54,937 [DEBUG] org.hibernate.id.factory.DefaultIdentifierGeneratorFactory  - Registering IdentifierGenerator strategy [identity] -> [class org.hibernate.id.IdentityGenerator]
2011-06-12 09:48:54,937 [DEBUG] org.hibernate.id.factory.DefaultIdentifierGeneratorFactory  - Registering IdentifierGenerator strategy [select] -> [class org.hibernate.id.SelectGenerator]
2011-06-12 09:48:54,937 [DEBUG] org.hibernate.id.factory.DefaultIdentifierGeneratorFactory  - Registering IdentifierGenerator strategy [sequence] -> [class org.hibernate.id.SequenceGenerator]
2011-06-12 09:48:54,937 [DEBUG] org.hibernate.id.factory.DefaultIdentifierGeneratorFactory  - Registering IdentifierGenerator strategy [seqhilo] -> [class org.hibernate.id.SequenceHiLoGenerator]
2011-06-12 09:48:54,937 [DEBUG] org.hibernate.id.factory.DefaultIdentifierGeneratorFactory  - Registering IdentifierGenerator strategy [increment] -> [class org.hibernate.id.IncrementGenerator]
2011-06-12 09:48:54,953 [DEBUG] org.hibernate.id.factory.DefaultIdentifierGeneratorFactory  - Registering IdentifierGenerator strategy [foreign] -> [class org.hibernate.id.ForeignGenerator]
2011-06-12 09:48:54,953 [DEBUG] org.hibernate.id.factory.DefaultIdentifierGeneratorFactory  - Registering IdentifierGenerator strategy [guid] -> [class org.hibernate.id.GUIDGenerator]
2011-06-12 09:48:54,953 [DEBUG] org.hibernate.id.factory.DefaultIdentifierGeneratorFactory  - Registering IdentifierGenerator strategy [uuid.hex] -> [class org.hibernate.id.UUIDHexGenerator]
2011-06-12 09:48:54,953 [DEBUG] org.hibernate.id.factory.DefaultIdentifierGeneratorFactory  - Registering IdentifierGenerator strategy [sequence-identity] -> [class org.hibernate.id.SequenceIdentityGenerator]
2011-06-12 09:48:54,953 [DEBUG] org.hibernate.id.factory.DefaultIdentifierGeneratorFactory  - Registering IdentifierGenerator strategy [enhanced-sequence] -> [class org.hibernate.id.enhanced.SequenceStyleGenerator]
2011-06-12 09:48:54,953 [DEBUG] org.hibernate.id.factory.DefaultIdentifierGeneratorFactory  - Registering IdentifierGenerator strategy [enhanced-table] -> [class org.hibernate.id.enhanced.TableGenerator]
2011-06-12 09:48:54,968 [INFO ] org.hibernate.annotations.common.Version  - Hibernate Commons Annotations 3.2.0.Final
2011-06-12 09:48:54,984 [DEBUG] org.springframework.core.io.support.PathMatchingResourcePatternResolver  - Looking for matching resources in directory tree [E:\workspace8.5\com.soar.ax\ax-core\target\classes\com\soar\ax\entity]
2011-06-12 09:48:54,984 [DEBUG] org.springframework.core.io.support.PathMatchingResourcePatternResolver  - Searching directory [E:\workspace8.5\com.soar.ax\ax-core\target\classes\com\soar\ax\entity] for files matching pattern [E:/workspace8.5/com.soar.ax/ax-core/target/classes/com/soar/ax/entity/**/*.class]
2011-06-12 09:48:54,984 [DEBUG] org.springframework.core.io.support.PathMatchingResourcePatternResolver  - Searching directory [E:\workspace8.5\com.soar.ax\ax-core\target\classes\com\soar\ax\entity\informit] for files matching pattern [E:/workspace8.5/com.soar.ax/ax-core/target/classes/com/soar/ax/entity/**/*.class]
2011-06-12 09:48:54,984 [DEBUG] org.springframework.core.io.support.PathMatchingResourcePatternResolver  - Resolved location pattern [classpath*:com/soar/ax/entity/**/*.class] to resources [file [E:\workspace8.5\com.soar.ax\ax-core\target\classes\com\soar\ax\entity\IdEntity.class], file [E:\workspace8.5\com.soar.ax\ax-core\target\classes\com\soar\ax\entity\informit\Article.class], file [E:\workspace8.5\com.soar.ax\ax-core\target\classes\com\soar\ax\entity\informit\Category.class], file [E:\workspace8.5\com.soar.ax\ax-core\target\classes\com\soar\ax\entity\Order.class], file [E:\workspace8.5\com.soar.ax\ax-core\target\classes\com\soar\ax\entity\User.class]]
2011-06-12 09:48:55,031 [DEBUG] org.hibernate.cfg.AnnotationConfiguration  - Execute first pass mapping processing
2011-06-12 09:48:55,109 [DEBUG] org.hibernate.cfg.AnnotationConfiguration  - Process hbm files
2011-06-12 09:48:55,109 [DEBUG] org.hibernate.cfg.AnnotationConfiguration  - Process annotated classes
2011-06-12 09:48:55,125 [INFO ] org.hibernate.cfg.AnnotationBinder  - Binding entity from annotated class: com.soar.ax.entity.Order
2011-06-12 09:48:55,156 [DEBUG] org.hibernate.cfg.Ejb3Column  - Binding column: Ejb3DiscriminatorColumn{logicalColumnName'DTYPE', discriminatorTypeName='string'}
2011-06-12 09:48:55,156 [DEBUG] org.hibernate.cfg.AnnotationBinder  - no value specified for 'javax.persistence.sharedCache.mode'; using UNSPECIFIED
2011-06-12 09:48:55,171 [DEBUG] org.hibernate.cfg.annotations.EntityBinder  - Import with entity name Order
2011-06-12 09:48:55,187 [INFO ] org.hibernate.cfg.annotations.EntityBinder  - Bind entity com.soar.ax.entity.Order on table AX_ORDER
2011-06-12 09:48:55,218 [DEBUG] org.hibernate.cfg.Ejb3Column  - Binding column: Ejb3Column{table=org.hibernate.mapping.Table(AX_ORDER), mappingColumn=id, insertable=true, updatable=true, unique=false}
2011-06-12 09:48:55,234 [DEBUG] org.hibernate.cfg.annotations.PropertyBinder  - binding property id with lazy=false
2011-06-12 09:48:55,234 [DEBUG] org.hibernate.cfg.annotations.SimpleValueBinder  - building SimpleValue for id
2011-06-12 09:48:55,234 [DEBUG] org.hibernate.cfg.annotations.PropertyBinder  - Building property id
2011-06-12 09:48:55,234 [DEBUG] org.hibernate.cfg.Ejb3Column  - Binding column: Ejb3Column{table=org.hibernate.mapping.Table(AX_ORDER), mappingColumn=amount, insertable=true, updatable=true, unique=false}
2011-06-12 09:48:55,234 [DEBUG] org.hibernate.cfg.annotations.PropertyBinder  - binding property amount with lazy=false
2011-06-12 09:48:55,234 [DEBUG] org.hibernate.cfg.annotations.SimpleValueBinder  - building SimpleValue for amount
2011-06-12 09:48:55,234 [DEBUG] org.hibernate.cfg.annotations.PropertyBinder  - Building property amount
2011-06-12 09:48:55,234 [DEBUG] org.hibernate.cfg.Ejb3Column  - Binding column: Ejb3Column{table=org.hibernate.mapping.Table(AX_ORDER), mappingColumn=clientName, insertable=true, updatable=true, unique=false}
2011-06-12 09:48:55,234 [DEBUG] org.hibernate.cfg.annotations.PropertyBinder  - binding property clientName with lazy=false
2011-06-12 09:48:55,234 [DEBUG] org.hibernate.cfg.annotations.SimpleValueBinder  - building SimpleValue for clientName
2011-06-12 09:48:55,234 [DEBUG] org.hibernate.cfg.annotations.PropertyBinder  - Building property clientName
2011-06-12 09:48:55,250 [INFO ] org.hibernate.cfg.AnnotationBinder  - Binding entity from annotated class: com.soar.ax.entity.User
2011-06-12 09:48:55,250 [DEBUG] org.hibernate.cfg.Ejb3Column  - Binding column: Ejb3DiscriminatorColumn{logicalColumnName'DTYPE', discriminatorTypeName='string'}
2011-06-12 09:48:55,250 [DEBUG] org.hibernate.cfg.AnnotationBinder  - no value specified for 'javax.persistence.sharedCache.mode'; using UNSPECIFIED
2011-06-12 09:48:55,250 [DEBUG] org.hibernate.cfg.annotations.EntityBinder  - Import with entity name User
2011-06-12 09:48:55,250 [INFO ] org.hibernate.cfg.annotations.EntityBinder  - Bind entity com.soar.ax.entity.User on table AX_USER
2011-06-12 09:48:55,250 [DEBUG] org.hibernate.cfg.Ejb3Column  - Binding column: Ejb3Column{table=org.hibernate.mapping.Table(AX_USER), mappingColumn=id, insertable=true, updatable=true, unique=false}
2011-06-12 09:48:55,250 [DEBUG] org.hibernate.cfg.annotations.PropertyBinder  - binding property id with lazy=false
2011-06-12 09:48:55,250 [DEBUG] org.hibernate.cfg.annotations.SimpleValueBinder  - building SimpleValue for id
2011-06-12 09:48:55,250 [DEBUG] org.hibernate.cfg.annotations.PropertyBinder  - Building property id
2011-06-12 09:48:55,250 [DEBUG] org.hibernate.cfg.Ejb3Column  - Binding column: Ejb3Column{table=org.hibernate.mapping.Table(AX_USER), mappingColumn=email, insertable=true, updatable=true, unique=false}
2011-06-12 09:48:55,250 [DEBUG] org.hibernate.cfg.annotations.PropertyBinder  - binding property email with lazy=false
2011-06-12 09:48:55,250 [DEBUG] org.hibernate.cfg.annotations.SimpleValueBinder  - building SimpleValue for email
2011-06-12 09:48:55,250 [DEBUG] org.hibernate.cfg.annotations.PropertyBinder  - Building property email
2011-06-12 09:48:55,250 [DEBUG] org.hibernate.cfg.Ejb3Column  - Binding column: Ejb3Column{table=org.hibernate.mapping.Table(AX_USER), mappingColumn=loginName, insertable=true, updatable=true, unique=false}
2011-06-12 09:48:55,250 [DEBUG] org.hibernate.cfg.annotations.PropertyBinder  - binding property loginName with lazy=false
2011-06-12 09:48:55,250 [DEBUG] org.hibernate.cfg.annotations.SimpleValueBinder  - building SimpleValue for loginName
2011-06-12 09:48:55,250 [DEBUG] org.hibernate.cfg.annotations.PropertyBinder  - Building property loginName
2011-06-12 09:48:55,250 [DEBUG] org.hibernate.cfg.Ejb3Column  - Binding column: Ejb3Column{table=org.hibernate.mapping.Table(AX_USER), mappingColumn=name, insertable=true, updatable=true, unique=false}
2011-06-12 09:48:55,250 [DEBUG] org.hibernate.cfg.annotations.PropertyBinder  - binding property name with lazy=false
2011-06-12 09:48:55,250 [DEBUG] org.hibernate.cfg.annotations.SimpleValueBinder  - building SimpleValue for name
2011-06-12 09:48:55,250 [DEBUG] org.hibernate.cfg.annotations.PropertyBinder  - Building property name
2011-06-12 09:48:55,250 [DEBUG] org.hibernate.cfg.Ejb3Column  - Binding column: Ejb3Column{table=org.hibernate.mapping.Table(AX_USER), mappingColumn=password, insertable=true, updatable=true, unique=false}
2011-06-12 09:48:55,250 [DEBUG] org.hibernate.cfg.annotations.PropertyBinder  - binding property password with lazy=false
2011-06-12 09:48:55,250 [DEBUG] org.hibernate.cfg.annotations.SimpleValueBinder  - building SimpleValue for password
2011-06-12 09:48:55,250 [DEBUG] org.hibernate.cfg.annotations.PropertyBinder  - Building property password
2011-06-12 09:48:55,250 [DEBUG] org.hibernate.cfg.annotations.SimpleValueBinder  - setting SimpleValue typeName for id
2011-06-12 09:48:55,250 [DEBUG] org.hibernate.cfg.annotations.SimpleValueBinder  - setting SimpleValue typeName for amount
2011-06-12 09:48:55,250 [DEBUG] org.hibernate.cfg.annotations.SimpleValueBinder  - setting SimpleValue typeName for clientName
2011-06-12 09:48:55,250 [DEBUG] org.hibernate.cfg.annotations.SimpleValueBinder  - setting SimpleValue typeName for id
2011-06-12 09:48:55,250 [DEBUG] org.hibernate.cfg.annotations.SimpleValueBinder  - setting SimpleValue typeName for email
2011-06-12 09:48:55,250 [DEBUG] org.hibernate.cfg.annotations.SimpleValueBinder  - setting SimpleValue typeName for loginName
2011-06-12 09:48:55,250 [DEBUG] org.hibernate.cfg.annotations.SimpleValueBinder  - setting SimpleValue typeName for name
2011-06-12 09:48:55,250 [DEBUG] org.hibernate.cfg.annotations.SimpleValueBinder  - setting SimpleValue typeName for password
2011-06-12 09:48:55,250 [DEBUG] org.hibernate.cfg.AnnotationConfiguration  - processing fk mappings (*ToOne and JoinedSubclass)
2011-06-12 09:48:55,250 [DEBUG] org.hibernate.cfg.Configuration  - processing extends queue
2011-06-12 09:48:55,250 [DEBUG] org.hibernate.cfg.Configuration  - processing collection mappings
2011-06-12 09:48:55,250 [DEBUG] org.hibernate.cfg.Configuration  - processing native query and ResultSetMapping mappings
2011-06-12 09:48:55,250 [DEBUG] org.hibernate.cfg.Configuration  - processing association property references
2011-06-12 09:48:55,250 [DEBUG] org.hibernate.cfg.Configuration  - processing foreign key constraints
2011-06-12 09:48:55,265 [INFO ] org.hibernate.cfg.AnnotationConfiguration  - Hibernate Validator not found: ignoring
2011-06-12 09:48:55,265 [INFO ] org.springframework.orm.hibernate3.annotation.AnnotationSessionFactoryBean  - Building new Hibernate SessionFactory
2011-06-12 09:48:55,265 [DEBUG] org.hibernate.cfg.AnnotationConfiguration  - Legacy Validator not present in classpath, ignoring event listener registration
2011-06-12 09:48:55,281 [DEBUG] org.hibernate.cfg.search.HibernateSearchEventListenerRegister  - Search not present in classpath, ignoring event listener registration.
2011-06-12 09:48:55,281 [INFO ] org.hibernate.cfg.search.HibernateSearchEventListenerRegister  - Unable to find org.hibernate.search.event.FullTextIndexEventListener on the classpath. Hibernate Search is not enabled.
2011-06-12 09:48:55,281 [DEBUG] org.hibernate.cfg.Configuration  - Preparing to build session factory with filters : {}
2011-06-12 09:48:55,281 [DEBUG] org.hibernate.cfg.AnnotationConfiguration  - Execute first pass mapping processing
2011-06-12 09:48:55,281 [DEBUG] org.hibernate.cfg.AnnotationConfiguration  - Process hbm files
2011-06-12 09:48:55,281 [DEBUG] org.hibernate.cfg.AnnotationConfiguration  - Process annotated classes
2011-06-12 09:48:55,281 [DEBUG] org.hibernate.cfg.AnnotationConfiguration  - processing fk mappings (*ToOne and JoinedSubclass)
2011-06-12 09:48:55,281 [DEBUG] org.hibernate.cfg.Configuration  - processing extends queue
2011-06-12 09:48:55,281 [DEBUG] org.hibernate.cfg.Configuration  - processing collection mappings
2011-06-12 09:48:55,281 [DEBUG] org.hibernate.cfg.Configuration  - processing native query and ResultSetMapping mappings
2011-06-12 09:48:55,281 [DEBUG] org.hibernate.cfg.Configuration  - processing association property references
2011-06-12 09:48:55,281 [DEBUG] org.hibernate.cfg.Configuration  - processing foreign key constraints
2011-06-12 09:48:55,343 [INFO ] org.hibernate.connection.ConnectionProviderFactory  - Initializing connection provider: org.springframework.orm.hibernate3.LocalDataSourceConnectionProvider
2011-06-12 09:48:55,687 [INFO ] org.hibernate.cfg.SettingsFactory  - RDBMS: H2, version: 1.3.154 (2011-04-04)
2011-06-12 09:48:55,687 [INFO ] org.hibernate.cfg.SettingsFactory  - JDBC driver: H2 JDBC Driver, version: 1.3.154 (2011-04-04)
2011-06-12 09:48:55,718 [INFO ] org.hibernate.dialect.Dialect  - Using dialect: org.hibernate.dialect.H2Dialect
2011-06-12 09:48:55,718 [INFO ] org.hibernate.engine.jdbc.JdbcSupportLoader  - Disabling contextual LOB creation as JDBC driver reported JDBC version [3] less than 4
2011-06-12 09:48:55,718 [INFO ] org.hibernate.transaction.TransactionFactoryFactory  - Transaction strategy: org.springframework.orm.hibernate3.SpringTransactionFactory
2011-06-12 09:48:55,718 [INFO ] org.hibernate.transaction.TransactionManagerLookupFactory  - No TransactionManagerLookup configured (in JTA environment, use of read-write or transactional second-level cache is not recommended)
2011-06-12 09:48:55,718 [INFO ] org.hibernate.cfg.SettingsFactory  - Automatic flush during beforeCompletion(): disabled
2011-06-12 09:48:55,718 [INFO ] org.hibernate.cfg.SettingsFactory  - Automatic session close at end of transaction: disabled
2011-06-12 09:48:55,718 [INFO ] org.hibernate.cfg.SettingsFactory  - Scrollable result sets: disabled
2011-06-12 09:48:55,718 [DEBUG] org.hibernate.cfg.SettingsFactory  - Wrap result sets: disabled
2011-06-12 09:48:55,718 [INFO ] org.hibernate.cfg.SettingsFactory  - JDBC3 getGeneratedKeys(): enabled
2011-06-12 09:48:55,718 [INFO ] org.hibernate.cfg.SettingsFactory  - JDBC result set fetch size: 50
2011-06-12 09:48:55,718 [INFO ] org.hibernate.cfg.SettingsFactory  - Connection release mode: auto
2011-06-12 09:48:55,718 [INFO ] org.hibernate.cfg.SettingsFactory  - Default batch fetch size: 1
2011-06-12 09:48:55,718 [INFO ] org.hibernate.cfg.SettingsFactory  - Generate SQL with comments: disabled
2011-06-12 09:48:55,718 [INFO ] org.hibernate.cfg.SettingsFactory  - Order SQL updates by primary key: disabled
2011-06-12 09:48:55,718 [INFO ] org.hibernate.cfg.SettingsFactory  - Order SQL inserts for batching: disabled
2011-06-12 09:48:55,718 [INFO ] org.hibernate.cfg.SettingsFactory  - Query translator: org.hibernate.hql.ast.ASTQueryTranslatorFactory
2011-06-12 09:48:55,734 [INFO ] org.hibernate.hql.ast.ASTQueryTranslatorFactory  - Using ASTQueryTranslatorFactory
2011-06-12 09:48:55,734 [INFO ] org.hibernate.cfg.SettingsFactory  - Query language substitutions: {}
2011-06-12 09:48:55,734 [INFO ] org.hibernate.cfg.SettingsFactory  - JPA-QL strict compliance: disabled
2011-06-12 09:48:55,734 [INFO ] org.hibernate.cfg.SettingsFactory  - Second-level cache: enabled
2011-06-12 09:48:55,734 [INFO ] org.hibernate.cfg.SettingsFactory  - Query cache: disabled
2011-06-12 09:48:55,734 [INFO ] org.hibernate.cfg.SettingsFactory  - Cache region factory : org.hibernate.cache.impl.NoCachingRegionFactory
2011-06-12 09:48:55,734 [INFO ] org.hibernate.cfg.SettingsFactory  - Optimize cache for minimal puts: disabled
2011-06-12 09:48:55,734 [INFO ] org.hibernate.cfg.SettingsFactory  - Structured second-level cache entries: disabled
2011-06-12 09:48:55,734 [INFO ] org.hibernate.cfg.SettingsFactory  - Echoing all SQL to stdout
2011-06-12 09:48:55,750 [INFO ] org.hibernate.cfg.SettingsFactory  - Statistics: disabled
2011-06-12 09:48:55,750 [INFO ] org.hibernate.cfg.SettingsFactory  - Deleted entity synthetic identifier rollback: disabled
2011-06-12 09:48:55,750 [INFO ] org.hibernate.cfg.SettingsFactory  - Default entity-mode: pojo
2011-06-12 09:48:55,750 [INFO ] org.hibernate.cfg.SettingsFactory  - Named query checking : enabled
2011-06-12 09:48:55,750 [INFO ] org.hibernate.cfg.SettingsFactory  - Check Nullability in Core (should be disabled when Bean Validation is on): enabled
2011-06-12 09:48:55,781 [INFO ] org.hibernate.impl.SessionFactoryImpl  - building session factory
2011-06-12 09:48:55,796 [DEBUG] org.hibernate.impl.SessionFactoryImpl  - Session factory constructed with filter configurations : {}
2011-06-12 09:48:55,796 [DEBUG] org.hibernate.impl.SessionFactoryImpl  - instantiating session factory with properties: {java.runtime.name=Java(TM) SE Runtime Environment, sun.boot.library.path=E:\develop\java\jdk1.6\jre\bin, java.vm.version=10.0-b19, hibernate.connection.useUnicode=true , java.vm.vendor=Sun Microsystems Inc., java.vendor.url=http://java.sun.com/, path.separator=;, java.vm.name=Java HotSpot(TM) Client VM, file.encoding.pkg=sun.io, user.country=CN, sun.java.launcher=SUN_STANDARD, sun.os.patch.level=Service Pack 2, java.vm.specification.name=Java Virtual Machine Specification, user.dir=E:\workspace8.5\com.soar.ax\ax-web, java.runtime.version=1.6.0_05-b13, java.awt.graphicsenv=sun.awt.Win32GraphicsEnvironment, hibernate.current_session_context_class=org.springframework.orm.hibernate3.SpringSessionContext, java.endorsed.dirs=E:\develop\java\jdk1.6\jre\lib\endorsed, os.arch=x86, java.io.tmpdir=C:\DOCUME~1\Soar\LOCALS~1\Temp\, line.separator=
, java.vm.specification.vendor=Sun Microsystems Inc., user.variant=, os.name=Windows XP, hibernate.connection.characterEncoding=UTF-8, sun.jnu.encoding=GB18030, hibernate.jdbc.fetch_size=50, java.library.path=E:\develop\java\jdk1.6\bin;.;C:\WINDOWS\Sun\Java\bin;C:\WINDOWS\system32;C:\WINDOWS;E:\develop\rubyOnRails\Ruby192\bin;D:\tools\\ImageMagick-6.5.6-Q8;D:\;ools\\imageMagic\ImageMagick-6.6.4-Q16;C:\;rogram Files\PC Connectivity Solution\;-Xmx512m ;E:\develop\java\jdk1.6\bin;E:\develop\java\apache-maven-2.2.1\bin;%JRUBY_HOME%\bin;E:\develop\java\ant1.7\bin;E:\develop\java\axis2-1.5.1\bin;E:\develop\Oracle9iClient\\bin;E:\develop\java\axis2-1.5.1\lib;.;E:\develop\DB2CLI~1\java\db2java.zip;E:\develop\DB2CLI~1\java\db2jcc.jar;E:\develop\DB2CLI~1\java\sqlj.zip;E:\develop\DB2CLI~1\java\db2jcc_license_cu.jar;E:\develop\DB2CLI~1\bin;E:\develop\DB2CLI~1\java\common.jar;E:\develop\Oracle9iClient\bin;C:\Program Files\Oracle\jre\1.3.1\bin;C:\Program Files\Oracle\jre\1.1.8\bin;C:\Program Files\ThinkPad\Utilities;C:\WINDOWS\system32;C:\WINDOWS;C:\WINDOWS\System32\Wbem;C:\Program Files\ATI Technologies\ATI Control Panel;C:\IBMTOOLS\Python22;C:\Program Files\PC-Doctor for Windows\services;C:\Program Files\Common Files\Thunder Network\KanKan\Codecs;E:\develop\SVN1.6\bin;C:\Program Files\Common Files\Lenovo;E:\develop\DB2CLI~1\FUNCTION;E:\develop\DB2CLI~1\SAMPLES\REPL;C:\Program Files\EmEditor\;G:\develop\developSoft\rationalRose2007\common, java.specification.name=Java Platform API Specification, java.class.version=50.0, hibernate.connection.pool_size=20 , sun.management.compiler=HotSpot Client Compiler, hibernate.transaction.factory_class=org.springframework.orm.hibernate3.SpringTransactionFactory, os.version=5.1, hibernate.jdbc.use_scrollable_resultset=false, user.home=C:\Documents and Settings\Soar, user.timezone=Asia/Shanghai, java.awt.printerjob=sun.awt.windows.WPrinterJob, java.specification.version=1.6, file.encoding=GB18030, hibernate.format_sql=false, java.class.path=E:\workspace8.5\com.soar.ax\ax-web\src\main\webapp\WEB-INF\classes;E:\maven2repository\repository\javax\activation\activation\1.1\activation-1.1.jar;E:\maven2repository\repository\javax\servlet\jstl\1.1.2\jstl-1.1.2.jar;E:\maven2repository\repository\javax\transaction\jta\1.1\jta-1.1.jar;E:\maven2repository\repository\javax\mail\mail\1.4\mail-1.4.jar;E:\maven2repository\repository\javax\servlet\servlet-api\2.5\servlet-api-2.5.jar;E:\maven2repository\repository\ant\ant\1.5\ant-1.5.jar;E:\maven2repository\repository\antlr\antlr\2.7.6\antlr-2.7.6.jar;E:\maven2repository\repository\aopalliance\aopalliance\1.0\aopalliance-1.0.jar;E:\maven2repository\repository\asm\asm\3.1\asm-3.1.jar;E:\maven2repository\repository\org\aspectj\aspectjrt\1.6.10\aspectjrt-1.6.10.jar;E:\maven2repository\repository\org\aspectj\aspectjweaver\1.6.10\aspectjweaver-1.6.10.jar;E:\workspace8.5\com.soar.ax\ax-core\target\classes;E:\maven2repository\repository\cglib\cglib\2.2\cglib-2.2.jar;E:\maven2repository\repository\commons-attributes\commons-attributes-api\2.1\commons-attributes-api-2.1.jar;E:\maven2repository\repository\commons-beanutils\commons-beanutils\1.7.0\commons-beanutils-1.7.0.jar;E:\maven2repository\repository\commons-codec\commons-codec\1.3\commons-codec-1.3.jar;E:\maven2repository\repository\commons-collections\commons-collections\3.2.1\commons-collections-3.2.1.jar;E:\maven2repository\repository\commons-dbcp\commons-dbcp\1.4\commons-dbcp-1.4.jar;E:\maven2repository\repository\org\apache\commons\commons-email\1.1\commons-email-1.1.jar;E:\maven2repository\repository\commons-fileupload\commons-fileupload\1.2.1\commons-fileupload-1.2.1.jar;E:\maven2repository\repository\commons-httpclient\commons-httpclient\3.1\commons-httpclient-3.1.jar;E:\maven2repository\repository\commons-io\commons-io\1.3.2\commons-io-1.3.2.jar;E:\maven2repository\repository\commons-lang\commons-lang\2.3\commons-lang-2.3.jar;E:\maven2repository\repository\commons-logging\commons-logging\1.1.1\commons-logging-1.1.1.jar;E:\maven2repository\repository\commons-pool\commons-pool\1.5.4\commons-pool-1.5.4.jar;E:\maven2repository\repository\com\ibm\db2jcc\3.50.152\db2jcc-3.50.152.jar;E:\maven2repository\repository\com\ibm\db2jcc_license_cu\3.50.152\db2jcc_license_cu-3.50.152.jar;E:\maven2repository\repository\dom4j\dom4j\1.6.1\dom4j-1.6.1.jar;E:\maven2repository\repository\net\sf\ehcache\ehcache\1.2.3\ehcache-1.2.3.jar;E:\maven2repository\repository\net\sf\ezmorph\ezmorph\1.0.3\ezmorph-1.0.3.jar;E:\maven2repository\repository\org\freemarker\freemarker\2.3.16\freemarker-2.3.16.jar;E:\maven2repository\repository\com\h2database\h2\1.3.154\h2-1.3.154.jar;E:\maven2repository\repository\org\hibernate\hibernate-annotations\3.5.1-Final\hibernate-annotations-3.5.1-Final.jar;E:\maven2repository\repository\org\hibernate\hibernate-commons-annotations\3.2.0.Final\hibernate-commons-annotations-3.2.0.Final.jar;E:\maven2repository\repository\org\hibernate\hibernate-core\3.5.1-Final\hibernate-core-3.5.1-Final.jar;E:\maven2repository\repository\org\hibernate\javax\persistence\hibernate-jpa-2.0-api\1.0.0.Final\hibernate-jpa-2.0-api-1.0.0.Final.jar;E:\maven2repository\repository\com\ibm\icu\icu4j\2.6.1\icu4j-2.6.1.jar;E:\maven2repository\repository\javassist\javassist\3.8.0.GA\javassist-3.8.0.GA.jar;E:\maven2repository\repository\jboss\javassist\3.7.ga\javassist-3.7.ga.jar;E:\maven2repository\repository\jaxen\jaxen\1.1.1\jaxen-1.1.1.jar;E:\maven2repository\repository\org\slf4j\jcl-over-slf4j\1.5.2\jcl-over-slf4j-1.5.2.jar;E:\maven2repository\repository\jdom\jdom\1.0\jdom-1.0.jar;E:\maven2repository\repository\net\sf\json-lib\json-lib\2.1\json-lib-2.1-jdk15.jar;E:\maven2repository\repository\junit\junit\4.8.1\junit-4.8.1.jar;E:\maven2repository\repository\net\sourceforge\jwebunit\jwebunit-core\1.4.1\jwebunit-core-1.4.1.jar;E:\maven2repository\repository\net\sourceforge\jexcelapi\jxl\2.6.3\jxl-2.6.3.jar;E:\maven2repository\repository\log4j\log4j\1.2.14\log4j-1.2.14.jar;E:\maven2repository\repository\org\mybatis\mybatis\3.0.4\mybatis-3.0.4.jar;E:\maven2repository\repository\org\mybatis\mybatis-spring\1.0.0\mybatis-spring-1.0.0.jar;E:\maven2repository\repository\mysql\mysql-connector-java\5.1.13\mysql-connector-java-5.1.13.jar;E:\maven2repository\repository\ognl\ognl\3.0\ognl-3.0.jar;E:\maven2repository\repository\opensymphony\oscache\2.3\oscache-2.3.jar;E:\maven2repository\repository\qdox\qdox\1.5\qdox-1.5.jar;E:\maven2repository\repository\quartz\quartz\1.6.6\quartz-1.6.6.jar;E:\maven2repository\repository\regexp\regexp\1.3\regexp-1.3.jar;E:\maven2repository\repository\xalan\serializer\2.7.1\serializer-2.7.1.jar;E:\maven2repository\repository\org\slf4j\slf4j-api\1.5.8\slf4j-api-1.5.8.jar;E:\maven2repository\repository\org\slf4j\slf4j-log4j12\1.5.2\slf4j-log4j12-1.5.2.jar;E:\maven2repository\repository\org\springframework\spring-aop\3.0.5.RELEASE\spring-aop-3.0.5.RELEASE.jar;E:\maven2repository\repository\org\springframework\spring-asm\3.0.5.RELEASE\spring-asm-3.0.5.RELEASE.jar;E:\maven2repository\repository\org\springframework\spring-aspects\3.0.5.RELEASE\spring-aspects-3.0.5.RELEASE.jar;E:\maven2repository\repository\org\springframework\spring-beans\3.0.5.RELEASE\spring-beans-3.0.5.RELEASE.jar;E:\maven2repository\repository\org\springframework\spring-context\3.0.5.RELEASE\spring-context-3.0.5.RELEASE.jar;E:\maven2repository\repository\org\springframework\spring-context-support\3.0.5.RELEASE\spring-context-support-3.0.5.RELEASE.jar;E:\maven2repository\repository\org\springframework\spring-core\3.0.5.RELEASE\spring-core-3.0.5.RELEASE.jar;E:\maven2repository\repository\org\springframework\spring-expression\3.0.5.RELEASE\spring-expression-3.0.5.RELEASE.jar;E:\maven2repository\repository\org\springframework\spring-jdbc\3.0.5.RELEASE\spring-jdbc-3.0.5.RELEASE.jar;E:\maven2repository\repository\org\springframework\spring-orm\3.0.5.RELEASE\spring-orm-3.0.5.RELEASE.jar;E:\maven2repository\repository\org\springframework\spring-oxm\3.0.5.RELEASE\spring-oxm-3.0.5.RELEASE.jar;E:\maven2repository\repository\org\springframework\spring-test\3.0.5.RELEASE\spring-test-3.0.5.RELEASE.jar;E:\maven2repository\repository\org\springframework\spring-tx\3.0.5.RELEASE\spring-tx-3.0.5.RELEASE.jar;E:\maven2repository\repository\org\springframework\spring-web\3.0.5.RELEASE\spring-web-3.0.5.RELEASE.jar;E:\maven2repository\repository\org\springframework\spring-webmvc\3.0.5.RELEASE\spring-webmvc-3.0.5.RELEASE.jar;E:\maven2repository\repository\stax\stax-api\1.0.1\stax-api-1.0.1.jar;E:\maven2repository\repository\net\java\dev\stax-utils\stax-utils\20040917\stax-utils-20040917.jar;E:\maven2repository\repository\org\apache\struts\struts2-convention-plugin\2.2.1.1\struts2-convention-plugin-2.2.1.1.jar;E:\maven2repository\repository\org\apache\struts\struts2-core\2.2.1.1\struts2-core-2.2.1.1.jar;E:\maven2repository\repository\org\apache\struts\struts2-rest-plugin\2.2.1.1\struts2-rest-plugin-2.2.1.1.jar;E:\maven2repository\repository\org\apache\struts\struts2-spring-plugin\2.2.1.1\struts2-spring-plugin-2.2.1.1.jar;E:\develop\java\jdk1.6\lib\tools.jar;E:\maven2repository\repository\wsdl4j\wsdl4j\1.6.1\wsdl4j-1.6.1.jar;E:\maven2repository\repository\org\codehaus\woodstox\wstx-asl\3.2.0\wstx-asl-3.2.0.jar;E:\maven2repository\repository\xalan\xalan\2.7.1\xalan-2.7.1.jar;E:\maven2repository\repository\xmlbeans\xbean\2.2.0\xbean-2.2.0.jar;E:\maven2repository\repository\org\apache\xbean\xbean-spring\2.8\xbean-spring-2.8.jar;E:\maven2repository\repository\xerces\xercesImpl\2.9.1\xercesImpl-2.9.1.jar;E:\maven2repository\repository\org\codehaus\xfire\xfire-aegis\1.2.6\xfire-aegis-1.2.6.jar;E:\maven2repository\repository\org\codehaus\xfire\xfire-annotations\1.2.6\xfire-annotations-1.2.6.jar;E:\maven2repository\repository\org\codehaus\xfire\xfire-core\1.2.6\xfire-core-1.2.6.jar;E:\maven2repository\repository\org\codehaus\xfire\xfire-spring\1.2.6\xfire-spring-1.2.6.jar;E:\maven2repository\repository\org\codehaus\xfire\xfire-xmlbeans\1.2.6\xfire-xmlbeans-1.2.6.jar;E:\maven2repository\repository\xml-apis\xml-apis\1.3.02\xml-apis-1.3.02.jar;E:\maven2repository\repository\xerces\xmlParserAPIs\2.6.2\xmlParserAPIs-2.6.2.jar;E:\maven2repository\repository\org\apache\ws\commons\XmlSchema\1.1\XmlSchema-1.1.jar;E:\maven2repository\repository\xom\xom\1.0\xom-1.0.jar;E:\maven2repository\repository\xpp3\xpp3_min\1.1.4c\xpp3_min-1.1.4c.jar;E:\maven2repository\repository\com\thoughtworks\xstream\xstream\1.3.1\xstream-1.3.1.jar;E:\maven2repository\repository\com\opensymphony\xwork-core\2.2.1.1\xwork-core-2.2.1.1.jar;E:\maven2repository\repository\org\apache\struts\xwork\xwork-core\2.2.1.1\xwork-core-2.2.1.1.jar;E:\maven2repository\repository\taglibs\standard\1.1.2\standard-1.1.2.jar, user.name=Soar, hibernate.bytecode.use_reflection_optimizer=false, hibernate.show_sql=true, java.vm.specification.version=1.0, sun.arch.data.model=32, java.home=E:\develop\java\jdk1.6\jre, hibernate.dialect=org.hibernate.dialect.H2Dialect, java.specification.vendor=Sun Microsystems Inc., user.language=zh, awt.toolkit=sun.awt.windows.WToolkit, java.vm.info=mixed mode, sharing, java.version=1.6.0_05, java.ext.dirs=E:\develop\java\jdk1.6\jre\lib\ext;C:\WINDOWS\Sun\Java\lib\ext, sun.boot.class.path=E:\develop\java\jdk1.6\jre\lib\resources.jar;E:\develop\java\jdk1.6\jre\lib\rt.jar;E:\develop\java\jdk1.6\jre\lib\sunrsasign.jar;E:\develop\java\jdk1.6\jre\lib\jsse.jar;E:\develop\java\jdk1.6\jre\lib\jce.jar;E:\develop\java\jdk1.6\jre\lib\charsets.jar;E:\develop\java\jdk1.6\jre\classes, java.vendor=Sun Microsystems Inc., hibernate.jdbc.batch_size=0, file.separator=\,  hibernate.cache.use_second_level_cache =false, java.vendor.url.bug=http://java.sun.com/cgi-bin/bugreport.cgi, hibernate.hbm2ddl.auto=update, hibernate.connection.provider_class=org.springframework.orm.hibernate3.LocalDataSourceConnectionProvider, sun.cpu.endian=little, sun.io.unicode.encoding=UnicodeLittle, hibernate.use_outer_join=true, sun.desktop=windows, sun.cpu.isalist=pentium_pro+mmx pentium_pro pentium+mmx pentium i486 i386 i86}
2011-06-12 09:48:55,796 [DEBUG] org.hibernate.id.factory.DefaultIdentifierGeneratorFactory  - Setting dialect [org.hibernate.dialect.H2Dialect]
2011-06-12 09:48:55,796 [DEBUG] org.hibernate.id.factory.DefaultIdentifierGeneratorFactory  - Setting dialect [org.hibernate.dialect.H2Dialect]
2011-06-12 09:48:56,000 [DEBUG] org.hibernate.persister.entity.AbstractEntityPersister  - Static SQL for entity: com.soar.ax.entity.User
2011-06-12 09:48:56,000 [DEBUG] org.hibernate.persister.entity.AbstractEntityPersister  -  Version select: select id from AX_USER where id =?
2011-06-12 09:48:56,000 [DEBUG] org.hibernate.persister.entity.AbstractEntityPersister  -  Snapshot select: select user_.id, user_.email as email1_, user_.loginName as loginName1_, user_.name as name1_, user_.password as password1_ from AX_USER user_ where user_.id=?
2011-06-12 09:48:56,000 [DEBUG] org.hibernate.persister.entity.AbstractEntityPersister  -  Insert 0: insert into AX_USER (email, loginName, name, password, id) values (?, ?, ?, ?, ?)
2011-06-12 09:48:56,000 [DEBUG] org.hibernate.persister.entity.AbstractEntityPersister  -  Update 0: update AX_USER set email=?, loginName=?, name=?, password=? where id=?
2011-06-12 09:48:56,000 [DEBUG] org.hibernate.persister.entity.AbstractEntityPersister  -  Delete 0: delete from AX_USER where id=?
2011-06-12 09:48:56,000 [DEBUG] org.hibernate.persister.entity.AbstractEntityPersister  -  Identity insert: insert into AX_USER (id, email, loginName, name, password) values (null, ?, ?, ?, ?)
2011-06-12 09:48:56,015 [DEBUG] org.hibernate.persister.entity.AbstractEntityPersister  - Static SQL for entity: com.soar.ax.entity.Order
2011-06-12 09:48:56,015 [DEBUG] org.hibernate.persister.entity.AbstractEntityPersister  -  Version select: select id from AX_ORDER where id =?
2011-06-12 09:48:56,015 [DEBUG] org.hibernate.persister.entity.AbstractEntityPersister  -  Snapshot select: select order_.id, order_.amount as amount0_, order_.clientName as clientName0_ from AX_ORDER order_ where order_.id=?
2011-06-12 09:48:56,015 [DEBUG] org.hibernate.persister.entity.AbstractEntityPersister  -  Insert 0: insert into AX_ORDER (amount, clientName, id) values (?, ?, ?)
2011-06-12 09:48:56,015 [DEBUG] org.hibernate.persister.entity.AbstractEntityPersister  -  Update 0: update AX_ORDER set amount=?, clientName=? where id=?
2011-06-12 09:48:56,015 [DEBUG] org.hibernate.persister.entity.AbstractEntityPersister  -  Delete 0: delete from AX_ORDER where id=?
2011-06-12 09:48:56,015 [DEBUG] org.hibernate.persister.entity.AbstractEntityPersister  -  Identity insert: insert into AX_ORDER (id, amount, clientName) values (null, ?, ?)
2011-06-12 09:48:56,046 [DEBUG] org.hibernate.loader.entity.EntityLoader  - Static select for entity com.soar.ax.entity.User [NONE]: select user0_.id as id1_0_, user0_.email as email1_0_, user0_.loginName as loginName1_0_, user0_.name as name1_0_, user0_.password as password1_0_ from AX_USER user0_ where user0_.id=?
2011-06-12 09:48:56,046 [DEBUG] org.hibernate.loader.entity.EntityLoader  - Static select for entity com.soar.ax.entity.User [READ]: select user0_.id as id1_0_, user0_.email as email1_0_, user0_.loginName as loginName1_0_, user0_.name as name1_0_, user0_.password as password1_0_ from AX_USER user0_ where user0_.id=?
2011-06-12 09:48:56,046 [DEBUG] org.hibernate.loader.entity.EntityLoader  - Static select for entity com.soar.ax.entity.User [UPGRADE]: select user0_.id as id1_0_, user0_.email as email1_0_, user0_.loginName as loginName1_0_, user0_.name as name1_0_, user0_.password as password1_0_ from AX_USER user0_ where user0_.id=? for update
2011-06-12 09:48:56,046 [DEBUG] org.hibernate.loader.entity.EntityLoader  - Static select for entity com.soar.ax.entity.User [UPGRADE_NOWAIT]: select user0_.id as id1_0_, user0_.email as email1_0_, user0_.loginName as loginName1_0_, user0_.name as name1_0_, user0_.password as password1_0_ from AX_USER user0_ where user0_.id=? for update
2011-06-12 09:48:56,046 [DEBUG] org.hibernate.loader.entity.EntityLoader  - Static select for entity com.soar.ax.entity.User [FORCE]: select user0_.id as id1_0_, user0_.email as email1_0_, user0_.loginName as loginName1_0_, user0_.name as name1_0_, user0_.password as password1_0_ from AX_USER user0_ where user0_.id=? for update
2011-06-12 09:48:56,046 [DEBUG] org.hibernate.loader.entity.EntityLoader  - Static select for entity com.soar.ax.entity.User [PESSIMISTIC_READ]: select user0_.id as id1_0_, user0_.email as email1_0_, user0_.loginName as loginName1_0_, user0_.name as name1_0_, user0_.password as password1_0_ from AX_USER user0_ where user0_.id=? for update
2011-06-12 09:48:56,046 [DEBUG] org.hibernate.loader.entity.EntityLoader  - Static select for entity com.soar.ax.entity.User [PESSIMISTIC_WRITE]: select user0_.id as id1_0_, user0_.email as email1_0_, user0_.loginName as loginName1_0_, user0_.name as name1_0_, user0_.password as password1_0_ from AX_USER user0_ where user0_.id=? for update
2011-06-12 09:48:56,046 [DEBUG] org.hibernate.loader.entity.EntityLoader  - Static select for entity com.soar.ax.entity.User [PESSIMISTIC_FORCE_INCREMENT]: select user0_.id as id1_0_, user0_.email as email1_0_, user0_.loginName as loginName1_0_, user0_.name as name1_0_, user0_.password as password1_0_ from AX_USER user0_ where user0_.id=? for update
2011-06-12 09:48:56,046 [DEBUG] org.hibernate.loader.entity.EntityLoader  - Static select for action ACTION_MERGE on entity com.soar.ax.entity.User: select user0_.id as id1_0_, user0_.email as email1_0_, user0_.loginName as loginName1_0_, user0_.name as name1_0_, user0_.password as password1_0_ from AX_USER user0_ where user0_.id=?
2011-06-12 09:48:56,046 [DEBUG] org.hibernate.loader.entity.EntityLoader  - Static select for action ACTION_REFRESH on entity com.soar.ax.entity.User: select user0_.id as id1_0_, user0_.email as email1_0_, user0_.loginName as loginName1_0_, user0_.name as name1_0_, user0_.password as password1_0_ from AX_USER user0_ where user0_.id=?
2011-06-12 09:48:56,062 [DEBUG] org.hibernate.loader.entity.EntityLoader  - Static select for entity com.soar.ax.entity.Order [NONE]: select order0_.id as id0_0_, order0_.amount as amount0_0_, order0_.clientName as clientName0_0_ from AX_ORDER order0_ where order0_.id=?
2011-06-12 09:48:56,062 [DEBUG] org.hibernate.loader.entity.EntityLoader  - Static select for entity com.soar.ax.entity.Order [READ]: select order0_.id as id0_0_, order0_.amount as amount0_0_, order0_.clientName as clientName0_0_ from AX_ORDER order0_ where order0_.id=?
2011-06-12 09:48:56,062 [DEBUG] org.hibernate.loader.entity.EntityLoader  - Static select for entity com.soar.ax.entity.Order [UPGRADE]: select order0_.id as id0_0_, order0_.amount as amount0_0_, order0_.clientName as clientName0_0_ from AX_ORDER order0_ where order0_.id=? for update
2011-06-12 09:48:56,062 [DEBUG] org.hibernate.loader.entity.EntityLoader  - Static select for entity com.soar.ax.entity.Order [UPGRADE_NOWAIT]: select order0_.id as id0_0_, order0_.amount as amount0_0_, order0_.clientName as clientName0_0_ from AX_ORDER order0_ where order0_.id=? for update
2011-06-12 09:48:56,062 [DEBUG] org.hibernate.loader.entity.EntityLoader  - Static select for entity com.soar.ax.entity.Order [FORCE]: select order0_.id as id0_0_, order0_.amount as amount0_0_, order0_.clientName as clientName0_0_ from AX_ORDER order0_ where order0_.id=? for update
2011-06-12 09:48:56,062 [DEBUG] org.hibernate.loader.entity.EntityLoader  - Static select for entity com.soar.ax.entity.Order [PESSIMISTIC_READ]: select order0_.id as id0_0_, order0_.amount as amount0_0_, order0_.clientName as clientName0_0_ from AX_ORDER order0_ where order0_.id=? for update
2011-06-12 09:48:56,062 [DEBUG] org.hibernate.loader.entity.EntityLoader  - Static select for entity com.soar.ax.entity.Order [PESSIMISTIC_WRITE]: select order0_.id as id0_0_, order0_.amount as amount0_0_, order0_.clientName as clientName0_0_ from AX_ORDER order0_ where order0_.id=? for update
2011-06-12 09:48:56,062 [DEBUG] org.hibernate.loader.entity.EntityLoader  - Static select for entity com.soar.ax.entity.Order [PESSIMISTIC_FORCE_INCREMENT]: select order0_.id as id0_0_, order0_.amount as amount0_0_, order0_.clientName as clientName0_0_ from AX_ORDER order0_ where order0_.id=? for update
2011-06-12 09:48:56,062 [DEBUG] org.hibernate.loader.entity.EntityLoader  - Static select for action ACTION_MERGE on entity com.soar.ax.entity.Order: select order0_.id as id0_0_, order0_.amount as amount0_0_, order0_.clientName as clientName0_0_ from AX_ORDER order0_ where order0_.id=?
2011-06-12 09:48:56,062 [DEBUG] org.hibernate.loader.entity.EntityLoader  - Static select for action ACTION_REFRESH on entity com.soar.ax.entity.Order: select order0_.id as id0_0_, order0_.amount as amount0_0_, order0_.clientName as clientName0_0_ from AX_ORDER order0_ where order0_.id=?
2011-06-12 09:48:56,062 [DEBUG] org.hibernate.impl.SessionFactoryObjectFactory  - initializing class SessionFactoryObjectFactory
2011-06-12 09:48:56,062 [DEBUG] org.hibernate.impl.SessionFactoryObjectFactory  - registered: 402881e73081899301308189977e0000 (unnamed)
2011-06-12 09:48:56,062 [INFO ] org.hibernate.impl.SessionFactoryObjectFactory  - Not binding factory to JNDI, no JNDI name configured
2011-06-12 09:48:56,062 [DEBUG] org.hibernate.impl.SessionFactoryImpl  - instantiated session factory
2011-06-12 09:48:56,078 [INFO ] org.hibernate.tool.hbm2ddl.SchemaUpdate  - Running hbm2ddl schema update
2011-06-12 09:48:56,078 [INFO ] org.hibernate.tool.hbm2ddl.SchemaUpdate  - fetching database metadata
2011-06-12 09:48:56,109 [INFO ] org.hibernate.tool.hbm2ddl.SchemaUpdate  - updating schema
2011-06-12 09:48:56,109 [DEBUG] org.hibernate.cfg.AnnotationConfiguration  - Execute first pass mapping processing
2011-06-12 09:48:56,109 [DEBUG] org.hibernate.cfg.AnnotationConfiguration  - Process hbm files
2011-06-12 09:48:56,109 [DEBUG] org.hibernate.cfg.AnnotationConfiguration  - Process annotated classes
2011-06-12 09:48:56,109 [DEBUG] org.hibernate.cfg.AnnotationConfiguration  - processing fk mappings (*ToOne and JoinedSubclass)
2011-06-12 09:48:56,109 [DEBUG] org.hibernate.cfg.Configuration  - processing extends queue
2011-06-12 09:48:56,109 [DEBUG] org.hibernate.cfg.Configuration  - processing collection mappings
2011-06-12 09:48:56,109 [DEBUG] org.hibernate.cfg.Configuration  - processing native query and ResultSetMapping mappings
2011-06-12 09:48:56,109 [DEBUG] org.hibernate.cfg.Configuration  - processing association property references
2011-06-12 09:48:56,109 [DEBUG] org.hibernate.cfg.Configuration  - processing foreign key constraints
2011-06-12 09:48:56,171 [INFO ] org.hibernate.tool.hbm2ddl.TableMetadata  - table found: AX.PUBLIC.AX_ORDER
2011-06-12 09:48:56,171 [INFO ] org.hibernate.tool.hbm2ddl.TableMetadata  - columns: [amount, id, clientname]
2011-06-12 09:48:56,171 [INFO ] org.hibernate.tool.hbm2ddl.TableMetadata  - foreign keys: []
2011-06-12 09:48:56,171 [INFO ] org.hibernate.tool.hbm2ddl.TableMetadata  - indexes: [primary_key_3]
2011-06-12 09:48:56,187 [INFO ] org.hibernate.tool.hbm2ddl.TableMetadata  - table found: AX.PUBLIC.AX_USER
2011-06-12 09:48:56,187 [INFO ] org.hibernate.tool.hbm2ddl.TableMetadata  - columns: [id, loginname, email, name, password]
2011-06-12 09:48:56,187 [INFO ] org.hibernate.tool.hbm2ddl.TableMetadata  - foreign keys: []
2011-06-12 09:48:56,187 [INFO ] org.hibernate.tool.hbm2ddl.TableMetadata  - indexes: [primary_key_a]
2011-06-12 09:48:56,187 [DEBUG] org.hibernate.id.factory.DefaultIdentifierGeneratorFactory  - Setting dialect [org.hibernate.dialect.H2Dialect]
2011-06-12 09:48:56,187 [DEBUG] org.hibernate.id.factory.DefaultIdentifierGeneratorFactory  - Setting dialect [org.hibernate.dialect.H2Dialect]
2011-06-12 09:48:56,187 [INFO ] org.hibernate.tool.hbm2ddl.SchemaUpdate  - schema update complete
2011-06-12 09:48:56,187 [DEBUG] org.hibernate.impl.SessionFactoryImpl  - Checking 0 named HQL queries
2011-06-12 09:48:56,187 [DEBUG] org.hibernate.impl.SessionFactoryImpl  - Checking 0 named SQL queries
2011-06-12 09:48:56,187 [DEBUG] org.springframework.beans.factory.support.DefaultListableBeanFactory  - Finished creating instance of bean 'sessionFactory'
2011-06-12 09:48:56,187 [DEBUG] org.springframework.beans.factory.support.DefaultListableBeanFactory  - Invoking afterPropertiesSet() on bean with name 'hibernateGeneralDao'
2011-06-12 09:48:56,187 [DEBUG] org.springframework.beans.factory.support.DefaultListableBeanFactory  - Finished creating instance of bean 'hibernateGeneralDao'
2011-06-12 09:48:56,187 [DEBUG] org.springframework.beans.factory.support.DefaultListableBeanFactory  - Added autowiring by name from bean name 'baseService' via property 'hibernateGeneralDao' to bean named 'hibernateGeneralDao'
2011-06-12 09:48:56,203 [DEBUG] org.springframework.beans.factory.support.DefaultListableBeanFactory  - Creating shared instance of singleton bean 'myBatisGeneralDao'
2011-06-12 09:48:56,203 [DEBUG] org.springframework.beans.factory.support.DefaultListableBeanFactory  - Creating instance of bean 'myBatisGeneralDao'
2011-06-12 09:48:56,203 [DEBUG] org.springframework.beans.factory.annotation.InjectionMetadata  - Found injected element on class [com.soar.ax.dao.MyBatisGeneralDao]: AutowiredMethodElement for public final void org.mybatis.spring.support.SqlSessionDaoSupport.setSqlSessionFactory(org.apache.ibatis.session.SqlSessionFactory)
2011-06-12 09:48:56,203 [DEBUG] org.springframework.beans.factory.annotation.InjectionMetadata  - Found injected element on class [com.soar.ax.dao.MyBatisGeneralDao]: AutowiredMethodElement for public final void org.mybatis.spring.support.SqlSessionDaoSupport.setSqlSessionTemplate(org.mybatis.spring.SqlSessionTemplate)
2011-06-12 09:48:56,203 [DEBUG] org.springframework.beans.factory.support.DefaultListableBeanFactory  - Eagerly caching bean 'myBatisGeneralDao' to allow for resolving potential circular references
2011-06-12 09:48:56,203 [DEBUG] org.springframework.beans.factory.annotation.InjectionMetadata  - Processing injected method of bean 'myBatisGeneralDao': AutowiredMethodElement for public final void org.mybatis.spring.support.SqlSessionDaoSupport.setSqlSessionFactory(org.apache.ibatis.session.SqlSessionFactory)
2011-06-12 09:48:56,203 [DEBUG] org.springframework.beans.factory.annotation.InjectionMetadata  - Processing injected method of bean 'myBatisGeneralDao': AutowiredMethodElement for public final void org.mybatis.spring.support.SqlSessionDaoSupport.setSqlSessionTemplate(org.mybatis.spring.SqlSessionTemplate)
2011-06-12 09:48:56,203 [DEBUG] org.springframework.beans.factory.support.DefaultListableBeanFactory  - Creating shared instance of singleton bean 'sqlSessionFactory'
2011-06-12 09:48:56,203 [DEBUG] org.springframework.beans.factory.support.DefaultListableBeanFactory  - Creating instance of bean 'sqlSessionFactory'
2011-06-12 09:48:56,203 [DEBUG] org.springframework.beans.factory.support.DefaultListableBeanFactory  - Eagerly caching bean 'sqlSessionFactory' to allow for resolving potential circular references
2011-06-12 09:48:56,218 [DEBUG] org.springframework.beans.factory.support.DefaultListableBeanFactory  - Returning cached instance of singleton bean 'dataSource'
2011-06-12 09:48:56,218 [DEBUG] org.springframework.core.io.support.PathMatchingResourcePatternResolver  - Looking for matching resources in directory tree [E:\workspace8.5\com.soar.ax\ax-web\src\main\webapp\WEB-INF\classes\mybatis-config]
2011-06-12 09:48:56,218 [DEBUG] org.springframework.core.io.support.PathMatchingResourcePatternResolver  - Searching directory [E:\workspace8.5\com.soar.ax\ax-web\src\main\webapp\WEB-INF\classes\mybatis-config] for files matching pattern [E:/workspace8.5/com.soar.ax/ax-web/src/main/webapp/WEB-INF/classes/mybatis-config/mybatis-*.xml]
2011-06-12 09:48:56,218 [DEBUG] org.springframework.core.io.support.PathMatchingResourcePatternResolver  - Resolved location pattern [classpath*:mybatis-config/mybatis-*.xml] to resources []
2011-06-12 09:48:56,218 [DEBUG] org.springframework.beans.factory.support.DefaultListableBeanFactory  - Invoking afterPropertiesSet() on bean with name 'sqlSessionFactory'
2011-06-12 09:48:56,656 [DEBUG] org.mybatis.spring.SqlSessionFactoryBean  - Parsed configuration file: 'class path resource [mybatis-config/mybatis.xml]'
2011-06-12 09:48:56,656 [DEBUG] org.mybatis.spring.SqlSessionFactoryBean  - Property 'mapperLocations' was not specified, only MyBatis mapper files specified in the config xml were loaded
2011-06-12 09:48:56,656 [DEBUG] org.springframework.beans.factory.support.DefaultListableBeanFactory  - Finished creating instance of bean 'sqlSessionFactory'
2011-06-12 09:48:56,656 [DEBUG] org.springframework.beans.factory.support.DefaultListableBeanFactory  - Invoking afterPropertiesSet() on bean with name 'myBatisGeneralDao'
2011-06-12 09:48:56,656 [DEBUG] org.springframework.beans.factory.support.DefaultListableBeanFactory  - Finished creating instance of bean 'myBatisGeneralDao'
2011-06-12 09:48:56,656 [DEBUG] org.springframework.beans.factory.support.DefaultListableBeanFactory  - Added autowiring by name from bean name 'baseService' via property 'myBatisGeneralDao' to bean named 'myBatisGeneralDao'
2011-06-12 09:48:56,656 [DEBUG] org.springframework.beans.factory.annotation.InjectionMetadata  - Processing injected method of bean 'baseService': AutowiredFieldElement for protected com.soar.ax.dao.HibernateGeneralDao com.soar.ax.service.BaseService.hibernateGeneralDao
2011-06-12 09:48:56,656 [DEBUG] org.springframework.beans.factory.support.DefaultListableBeanFactory  - Returning cached instance of singleton bean 'hibernateGeneralDao'
2011-06-12 09:48:56,656 [DEBUG] org.springframework.beans.factory.annotation.AutowiredAnnotationBeanPostProcessor  - Autowiring by type from bean name 'baseService' to bean named 'hibernateGeneralDao'
2011-06-12 09:48:56,656 [DEBUG] org.springframework.beans.factory.annotation.InjectionMetadata  - Processing injected method of bean 'baseService': AutowiredFieldElement for protected com.soar.ax.dao.MyBatisGeneralDao com.soar.ax.service.BaseService.myBatisGeneralDao
2011-06-12 09:48:56,656 [DEBUG] org.springframework.beans.factory.support.DefaultListableBeanFactory  - Returning cached instance of singleton bean 'myBatisGeneralDao'
2011-06-12 09:48:56,656 [DEBUG] org.springframework.beans.factory.annotation.AutowiredAnnotationBeanPostProcessor  - Autowiring by type from bean name 'baseService' to bean named 'myBatisGeneralDao'
2011-06-12 09:48:56,656 [DEBUG] org.springframework.beans.factory.support.DefaultListableBeanFactory  - Finished creating instance of bean 'baseService'
2011-06-12 09:48:56,656 [DEBUG] org.springframework.beans.factory.support.DefaultListableBeanFactory  - Creating shared instance of singleton bean 'usersService'
2011-06-12 09:48:56,656 [DEBUG] org.springframework.beans.factory.support.DefaultListableBeanFactory  - Creating instance of bean 'usersService'
2011-06-12 09:48:56,656 [DEBUG] org.springframework.beans.factory.annotation.InjectionMetadata  - Found injected element on class [com.soar.ax.service.manage.UsersService]: AutowiredFieldElement for protected com.soar.ax.dao.HibernateGeneralDao com.soar.ax.service.BaseService.hibernateGeneralDao
2011-06-12 09:48:56,656 [DEBUG] org.springframework.beans.factory.annotation.InjectionMetadata  - Found injected element on class [com.soar.ax.service.manage.UsersService]: AutowiredFieldElement for protected com.soar.ax.dao.MyBatisGeneralDao com.soar.ax.service.BaseService.myBatisGeneralDao
2011-06-12 09:48:56,656 [DEBUG] org.springframework.beans.factory.support.DefaultListableBeanFactory  - Eagerly caching bean 'usersService' to allow for resolving potential circular references
2011-06-12 09:48:56,671 [DEBUG] org.springframework.beans.factory.support.DefaultListableBeanFactory  - Returning cached instance of singleton bean 'hibernateGeneralDao'
2011-06-12 09:48:56,671 [DEBUG] org.springframework.beans.factory.support.DefaultListableBeanFactory  - Added autowiring by name from bean name 'usersService' via property 'hibernateGeneralDao' to bean named 'hibernateGeneralDao'
2011-06-12 09:48:56,671 [DEBUG] org.springframework.beans.factory.support.DefaultListableBeanFactory  - Returning cached instance of singleton bean 'myBatisGeneralDao'
2011-06-12 09:48:56,671 [DEBUG] org.springframework.beans.factory.support.DefaultListableBeanFactory  - Added autowiring by name from bean name 'usersService' via property 'myBatisGeneralDao' to bean named 'myBatisGeneralDao'
2011-06-12 09:48:56,671 [DEBUG] org.springframework.beans.factory.annotation.InjectionMetadata  - Processing injected method of bean 'usersService': AutowiredFieldElement for protected com.soar.ax.dao.HibernateGeneralDao com.soar.ax.service.BaseService.hibernateGeneralDao
2011-06-12 09:48:56,671 [DEBUG] org.springframework.beans.factory.support.DefaultListableBeanFactory  - Returning cached instance of singleton bean 'hibernateGeneralDao'
2011-06-12 09:48:56,671 [DEBUG] org.springframework.beans.factory.annotation.AutowiredAnnotationBeanPostProcessor  - Autowiring by type from bean name 'usersService' to bean named 'hibernateGeneralDao'
2011-06-12 09:48:56,671 [DEBUG] org.springframework.beans.factory.annotation.InjectionMetadata  - Processing injected method of bean 'usersService': AutowiredFieldElement for protected com.soar.ax.dao.MyBatisGeneralDao com.soar.ax.service.BaseService.myBatisGeneralDao
2011-06-12 09:48:56,671 [DEBUG] org.springframework.beans.factory.support.DefaultListableBeanFactory  - Returning cached instance of singleton bean 'myBatisGeneralDao'
2011-06-12 09:48:56,671 [DEBUG] org.springframework.beans.factory.annotation.AutowiredAnnotationBeanPostProcessor  - Autowiring by type from bean name 'usersService' to bean named 'myBatisGeneralDao'
2011-06-12 09:48:56,671 [DEBUG] org.springframework.beans.factory.support.DefaultListableBeanFactory  - Finished creating instance of bean 'usersService'
2011-06-12 09:48:56,671 [DEBUG] org.springframework.beans.factory.support.DefaultListableBeanFactory  - Creating shared instance of singleton bean 'ordersService'
2011-06-12 09:48:56,671 [DEBUG] org.springframework.beans.factory.support.DefaultListableBeanFactory  - Creating instance of bean 'ordersService'
2011-06-12 09:48:56,671 [DEBUG] org.springframework.beans.factory.annotation.InjectionMetadata  - Found injected element on class [com.soar.ax.service.OrdersService]: AutowiredFieldElement for protected com.soar.ax.dao.HibernateGeneralDao com.soar.ax.service.BaseService.hibernateGeneralDao
2011-06-12 09:48:56,671 [DEBUG] org.springframework.beans.factory.annotation.InjectionMetadata  - Found injected element on class [com.soar.ax.service.OrdersService]: AutowiredFieldElement for protected com.soar.ax.dao.MyBatisGeneralDao com.soar.ax.service.BaseService.myBatisGeneralDao
2011-06-12 09:48:56,671 [DEBUG] org.springframework.beans.factory.support.DefaultListableBeanFactory  - Eagerly caching bean 'ordersService' to allow for resolving potential circular references
2011-06-12 09:48:56,671 [DEBUG] org.springframework.beans.factory.support.DefaultListableBeanFactory  - Returning cached instance of singleton bean 'hibernateGeneralDao'
2011-06-12 09:48:56,671 [DEBUG] org.springframework.beans.factory.support.DefaultListableBeanFactory  - Added autowiring by name from bean name 'ordersService' via property 'hibernateGeneralDao' to bean named 'hibernateGeneralDao'
2011-06-12 09:48:56,671 [DEBUG] org.springframework.beans.factory.support.DefaultListableBeanFactory  - Returning cached instance of singleton bean 'myBatisGeneralDao'
2011-06-12 09:48:56,671 [DEBUG] org.springframework.beans.factory.support.DefaultListableBeanFactory  - Added autowiring by name from bean name 'ordersService' via property 'myBatisGeneralDao' to bean named 'myBatisGeneralDao'
2011-06-12 09:48:56,671 [DEBUG] org.springframework.beans.factory.annotation.InjectionMetadata  - Processing injected method of bean 'ordersService': AutowiredFieldElement for protected com.soar.ax.dao.HibernateGeneralDao com.soar.ax.service.BaseService.hibernateGeneralDao
2011-06-12 09:48:56,687 [DEBUG] org.springframework.beans.factory.support.DefaultListableBeanFactory  - Returning cached instance of singleton bean 'hibernateGeneralDao'
2011-06-12 09:48:56,687 [DEBUG] org.springframework.beans.factory.annotation.AutowiredAnnotationBeanPostProcessor  - Autowiring by type from bean name 'ordersService' to bean named 'hibernateGeneralDao'
2011-06-12 09:48:56,687 [DEBUG] org.springframework.beans.factory.annotation.InjectionMetadata  - Processing injected method of bean 'ordersService': AutowiredFieldElement for protected com.soar.ax.dao.MyBatisGeneralDao com.soar.ax.service.BaseService.myBatisGeneralDao
2011-06-12 09:48:56,687 [DEBUG] org.springframework.beans.factory.support.DefaultListableBeanFactory  - Returning cached instance of singleton bean 'myBatisGeneralDao'
2011-06-12 09:48:56,687 [DEBUG] org.springframework.beans.factory.annotation.AutowiredAnnotationBeanPostProcessor  - Autowiring by type from bean name 'ordersService' to bean named 'myBatisGeneralDao'
2011-06-12 09:48:56,687 [DEBUG] org.springframework.beans.factory.support.DefaultListableBeanFactory  - Finished creating instance of bean 'ordersService'
2011-06-12 09:48:56,687 [DEBUG] org.springframework.beans.factory.support.DefaultListableBeanFactory  - Returning cached instance of singleton bean 'propertyConfigurer'
2011-06-12 09:48:56,687 [DEBUG] org.springframework.beans.factory.support.DefaultListableBeanFactory  - Returning cached instance of singleton bean 'dataSource'
2011-06-12 09:48:56,687 [DEBUG] org.springframework.beans.factory.support.DefaultListableBeanFactory  - Returning cached instance of singleton bean 'sessionFactory'
2011-06-12 09:48:56,687 [DEBUG] org.springframework.beans.factory.support.DefaultListableBeanFactory  - Returning cached instance of singleton bean 'sqlSessionFactory'
2011-06-12 09:48:56,687 [DEBUG] org.springframework.beans.factory.support.DefaultListableBeanFactory  - Returning cached instance of singleton bean 'hibernateGeneralDao'
2011-06-12 09:48:56,687 [DEBUG] org.springframework.beans.factory.support.DefaultListableBeanFactory  - Returning cached instance of singleton bean 'myBatisGeneralDao'
2011-06-12 09:48:56,687 [DEBUG] org.springframework.context.support.ClassPathXmlApplicationContext  - Unable to locate LifecycleProcessor with name 'lifecycleProcessor': using default [org.springframework.context.support.DefaultLifecycleProcessor@14ed577]
2011-06-12 09:48:56,687 [DEBUG] org.springframework.beans.factory.support.DefaultListableBeanFactory  - Returning cached instance of singleton bean 'lifecycleProcessor'
2011-06-12 09:48:56,687 [DEBUG] org.springframework.beans.factory.support.DefaultListableBeanFactory  - Returning cached instance of singleton bean 'articleClient'
2011-06-12 09:48:56,703 [DEBUG] org.springframework.web.client.RestTemplate  - Created GET request for "http://localhost:8080/ax-web/spring/article.xml"
2011-06-12 09:48:56,703 [DEBUG] org.springframework.web.client.RestTemplate  - Setting request Accept header to [application/xml, text/xml, application/*+xml]
2011-06-12 09:48:56,828 [DEBUG] org.springframework.web.client.RestTemplate  - GET request for "http://localhost:8080/ax-web/spring/article.xml" resulted in 200 (OK)
2011-06-12 09:48:56,828 [DEBUG] org.springframework.web.client.RestTemplate  - Reading [java.util.List] as "application/xml;charset=GB2312" using [org.springframework.http.converter.xml.MarshallingHttpMessageConverter@67c1a6]
